2016-10-10 16:26:13,404 DEBUG WeeblyTest [main] Found element by Xpath = //*[@id='login-button']
2016-10-10 16:26:13,531 DEBUG WeeblyTest [main] Found element by Xpath = //*[@id='weebly-username']
2016-10-10 16:26:13,686 DEBUG WeeblyTest [main] Found element by Xpath = //*[@id='weebly-password']
2016-10-10 16:26:13,795 DEBUG WeeblyTest [main] Found element by Xpath = //*[@id='weebly-login']/p[3]/input
2016-10-10 16:26:59,145 DEBUG WeeblyTest [pool-1-thread-1] Found element by Xpath = //*[@id='login-button']
2016-10-10 16:26:59,366 DEBUG WeeblyTest [pool-1-thread-2] Found element by Xpath = //*[@id='sign-up-button']
2016-10-10 16:26:59,428 DEBUG WeeblyTest [pool-1-thread-1] Found element by Xpath = //*[@id='weebly-username']
2016-10-10 16:26:59,663 DEBUG WeeblyTest [pool-1-thread-2] Found element by Xpath = //*[@id='overlay-signup-form-name']
2016-10-10 16:26:59,694 DEBUG WeeblyTest [pool-1-thread-1] Found element by Xpath = //*[@id='weebly-password']
2016-10-10 16:26:59,965 DEBUG WeeblyTest [pool-1-thread-1] Found element by Xpath = //*[@id='weebly-login']/p[3]/input
2016-10-10 16:27:00,001 DEBUG WeeblyTest [pool-1-thread-2] Found element by Xpath = //*[@id='overlay-signup-form-email']
2016-10-10 16:27:00,144 DEBUG WeeblyTest [pool-1-thread-2] Found element by Xpath = //*[@id='overlay-signup-form-pass']
2016-10-10 16:27:00,321 DEBUG WeeblyTest [pool-1-thread-2] Found element by Xpath = //*[contains(@class, 'signup-form__submit signup-btn submit-btn')]
2016-10-10 16:27:00,956 DEBUG WeeblyTest [pool-1-thread-2] Found element by Xpath = //*[@id='weebly-username']
2016-10-10 16:34:53,338 DEBUG WeeblyTest [main] Found element by Xpath = //*[@id='login-button']
2016-10-10 16:34:53,483 DEBUG WeeblyTest [main] Found element by Xpath = //*[@id='weebly-username']
2016-10-10 16:34:53,605 DEBUG WeeblyTest [main] Found element by Xpath = //*[@id='weebly-password']
2016-10-10 16:34:53,702 DEBUG WeeblyTest [main] Found element by Xpath = //*[@id='weebly-login']/p[3]/input
2016-10-10 16:35:00,403 DEBUG WeeblyTest [main] Found element by Xpath = //*[@id='sign-up-button']
2016-10-10 16:35:00,542 DEBUG WeeblyTest [main] Found element by Xpath = //*[@id='overlay-signup-form-name']
2016-10-10 16:35:00,665 DEBUG WeeblyTest [main] Found element by Xpath = //*[@id='overlay-signup-form-email']
2016-10-10 16:35:00,795 DEBUG WeeblyTest [main] Found element by Xpath = //*[@id='overlay-signup-form-pass']
2016-10-10 16:35:00,956 DEBUG WeeblyTest [main] Found element by Xpath = //*[contains(@class, 'signup-form__submit signup-btn submit-btn')]
2016-10-10 16:35:01,573 DEBUG WeeblyTest [main] Found element by Xpath = //*[@id='weebly-username']
2016-10-10 16:39:40,240 DEBUG WeeblyTest [main] Found element by Xpath = //*[@id='login-button']
2016-10-10 16:39:40,384 DEBUG WeeblyTest [main] Found element by Xpath = //*[@id='weebly-username']
2016-10-10 16:39:40,500 DEBUG WeeblyTest [main] Found element by Xpath = //*[@id='weebly-password']
2016-10-10 16:39:40,595 DEBUG WeeblyTest [main] Found element by Xpath = //*[@id='weebly-login']/p[3]/input
2016-10-10 16:39:46,853 INFO WeeblyTest [main] testLogin(WeeblyTest)
2016-10-10 16:39:49,275 DEBUG WeeblyTest [main] Found element by Xpath = //*[@id='sign-up-button']
2016-10-10 16:39:49,414 DEBUG WeeblyTest [main] Found element by Xpath = //*[@id='overlay-signup-form-name']
2016-10-10 16:39:49,546 DEBUG WeeblyTest [main] Found element by Xpath = //*[@id='overlay-signup-form-email']
2016-10-10 16:39:49,668 DEBUG WeeblyTest [main] Found element by Xpath = //*[@id='overlay-signup-form-pass']
2016-10-10 16:39:49,801 DEBUG WeeblyTest [main] Found element by Xpath = //*[contains(@class, 'signup-form__submit signup-btn submit-btn')]
2016-10-10 16:39:50,428 DEBUG WeeblyTest [main] Found element by Xpath = //*[@id='weebly-username']
2016-10-10 16:39:50,522 INFO WeeblyTest [main] testSignUp(WeeblyTest)
2016-10-10 16:42:27,186 DEBUG WeeblyTest [main] Found element by Xpath = //*[@id='login-button']
2016-10-10 16:42:27,326 DEBUG WeeblyTest [main] Found element by Xpath = //*[@id='weebly-username']
2016-10-10 16:42:27,430 DEBUG WeeblyTest [main] Found element by Xpath = //*[@id='weebly-password']
2016-10-10 16:42:27,517 DEBUG WeeblyTest [main] Found element by Xpath = //*[@id='weebly-login']/p[3]/input
2016-10-10 16:42:32,654 DEBUG WeeblyTest [main] Log in successful.
2016-10-10 16:42:32,730 INFO WeeblyTest [main] testLogin(WeeblyTest)
2016-10-10 16:42:35,231 DEBUG WeeblyTest [main] Found element by Xpath = //*[@id='sign-up-button']
2016-10-10 16:42:35,366 DEBUG WeeblyTest [main] Found element by Xpath = //*[@id='overlay-signup-form-name']
2016-10-10 16:42:35,486 DEBUG WeeblyTest [main] Found element by Xpath = //*[@id='overlay-signup-form-email']
2016-10-10 16:42:35,590 DEBUG WeeblyTest [main] Found element by Xpath = //*[@id='overlay-signup-form-pass']
2016-10-10 16:42:35,720 DEBUG WeeblyTest [main] Found element by Xpath = //*[contains(@class, 'signup-form__submit signup-btn submit-btn')]
2016-10-10 16:42:36,328 DEBUG WeeblyTest [main] Found element by Xpath = //*[@id='weebly-username']
2016-10-10 16:42:36,350 DEBUG WeeblyTest [main] Account already exists. Logging in...
2016-10-10 16:42:36,421 INFO WeeblyTest [main] testSignUp(WeeblyTest)
2016-10-10 16:46:04,546 DEBUG WeeblyTest [main] Found element by Xpath = //*[@id='login-button']
2016-10-10 16:46:04,684 DEBUG WeeblyTest [main] Found element by Xpath = //*[@id='weebly-username']
2016-10-10 16:46:04,784 DEBUG WeeblyTest [main] Found element by Xpath = //*[@id='weebly-password']
2016-10-10 16:46:04,881 DEBUG WeeblyTest [main] Found element by Xpath = //*[@id='weebly-login']/p[3]/input
2016-10-10 16:46:08,525 DEBUG WeeblyTest [main] Log in successful.
2016-10-10 16:46:08,601 INFO WeeblyTest [main] testLogin(WeeblyTest)
2016-10-10 16:46:11,006 DEBUG WeeblyTest [main] Found element by Xpath = //*[@id='sign-up-button']
2016-10-10 16:46:11,148 DEBUG WeeblyTest [main] Found element by Xpath = //*[@id='overlay-signup-form-name']
2016-10-10 16:46:11,256 DEBUG WeeblyTest [main] Found element by Xpath = //*[@id='overlay-signup-form-email']
2016-10-10 16:46:11,368 DEBUG WeeblyTest [main] Found element by Xpath = //*[@id='overlay-signup-form-pass']
2016-10-10 16:46:11,492 DEBUG WeeblyTest [main] Found element by Xpath = //*[contains(@class, 'signup-form__submit signup-btn submit-btn')]
2016-10-10 16:46:12,089 DEBUG WeeblyTest [main] Found element by Xpath = //*[@id='weebly-username']
2016-10-10 16:46:12,115 DEBUG WeeblyTest [main] Account already exists. Logging in...
2016-10-10 16:46:12,115 ERROR WeeblyTest [main] testSignUp(WeeblyTest)
java.lang.AssertionError
	at org.junit.Assert.fail(Assert.java:86) ~[junit-4.12.jar:4.12]
	at org.junit.Assert.assertTrue(Assert.java:41) ~[junit-4.12.jar:4.12]
	at org.junit.Assert.assertTrue(Assert.java:52) ~[junit-4.12.jar:4.12]
	at WeeblyTest.testSignUp(WeeblyTest.java:86) ~[test-classes/:?]
	at sun.reflect.NativeMethodAccessorImpl.invoke0(Native Method) ~[?:1.8.0_102]
	at sun.reflect.NativeMethodAccessorImpl.invoke(NativeMethodAccessorImpl.java:62) ~[?:1.8.0_102]
	at sun.reflect.DelegatingMethodAccessorImpl.invoke(DelegatingMethodAccessorImpl.java:43) ~[?:1.8.0_102]
	at java.lang.reflect.Method.invoke(Method.java:498) ~[?:1.8.0_102]
	at org.junit.runners.model.FrameworkMethod$1.runReflectiveCall(FrameworkMethod.java:50) ~[junit-4.12.jar:4.12]
	at org.junit.internal.runners.model.ReflectiveCallable.run(ReflectiveCallable.java:12) ~[junit-4.12.jar:4.12]
	at org.junit.runners.model.FrameworkMethod.invokeExplosively(FrameworkMethod.java:47) ~[junit-4.12.jar:4.12]
	at org.junit.internal.runners.statements.InvokeMethod.evaluate(InvokeMethod.java:17) ~[junit-4.12.jar:4.12]
	at org.junit.internal.runners.statements.RunBefores.evaluate(RunBefores.java:26) ~[junit-4.12.jar:4.12]
	at org.junit.rules.TestWatcher$1.evaluate(TestWatcher.java:55) [junit-4.12.jar:4.12]
	at org.junit.rules.RunRules.evaluate(RunRules.java:20) [junit-4.12.jar:4.12]
	at org.junit.runners.ParentRunner.runLeaf(ParentRunner.java:325) [junit-4.12.jar:4.12]
	at org.junit.runners.BlockJUnit4ClassRunner.runChild(BlockJUnit4ClassRunner.java:78) [junit-4.12.jar:4.12]
	at org.junit.runners.BlockJUnit4ClassRunner.runChild(BlockJUnit4ClassRunner.java:57) [junit-4.12.jar:4.12]
	at org.junit.runners.ParentRunner$3.run(ParentRunner.java:290) [junit-4.12.jar:4.12]
	at org.junit.runners.ParentRunner$1.schedule(ParentRunner.java:71) [junit-4.12.jar:4.12]
	at org.junit.runners.ParentRunner.runChildren(ParentRunner.java:288) [junit-4.12.jar:4.12]
	at org.junit.runners.ParentRunner.access$000(ParentRunner.java:58) [junit-4.12.jar:4.12]
	at org.junit.runners.ParentRunner$2.evaluate(ParentRunner.java:268) [junit-4.12.jar:4.12]
	at org.junit.runners.ParentRunner.run(ParentRunner.java:363) [junit-4.12.jar:4.12]
	at org.junit.runner.JUnitCore.run(JUnitCore.java:137) [junit-4.12.jar:4.12]
	at com.intellij.junit4.JUnit4IdeaTestRunner.startRunnerWithArgs(JUnit4IdeaTestRunner.java:117) [junit-rt.jar:?]
	at com.intellij.junit4.JUnit4IdeaTestRunner.startRunnerWithArgs(JUnit4IdeaTestRunner.java:42) [junit-rt.jar:?]
	at com.intellij.rt.execution.junit.JUnitStarter.prepareStreamsAndStart(JUnitStarter.java:262) [junit-rt.jar:?]
	at com.intellij.rt.execution.junit.JUnitStarter.main(JUnitStarter.java:84) [junit-rt.jar:?]
	at sun.reflect.NativeMethodAccessorImpl.invoke0(Native Method) ~[?:1.8.0_102]
	at sun.reflect.NativeMethodAccessorImpl.invoke(NativeMethodAccessorImpl.java:62) ~[?:1.8.0_102]
	at sun.reflect.DelegatingMethodAccessorImpl.invoke(DelegatingMethodAccessorImpl.java:43) ~[?:1.8.0_102]
	at java.lang.reflect.Method.invoke(Method.java:498) ~[?:1.8.0_102]
	at com.intellij.rt.execution.application.AppMain.main(AppMain.java:147) [idea_rt.jar:?]
2016-10-10 16:48:58,070 DEBUG WeeblyTest [main] Found element by Xpath = //*[@id='login-button']
2016-10-10 16:48:58,216 DEBUG WeeblyTest [main] Found element by Xpath = //*[@id='weebly-username']
2016-10-10 16:48:58,323 DEBUG WeeblyTest [main] Found element by Xpath = //*[@id='weebly-password']
2016-10-10 16:48:58,422 DEBUG WeeblyTest [main] Found element by Xpath = //*[@id='weebly-login']/p[3]/input
2016-10-10 16:49:02,217 DEBUG WeeblyTest [main] Log in successful.
2016-10-10 16:49:02,291 INFO WeeblyTest [main] testLogin(WeeblyTest)
2016-10-10 16:49:04,382 DEBUG WeeblyTest [main] Found element by Xpath = //*[@id='sign-up-button']
2016-10-10 16:49:04,522 DEBUG WeeblyTest [main] Found element by Xpath = //*[@id='overlay-signup-form-name']
2016-10-10 16:49:04,640 DEBUG WeeblyTest [main] Found element by Xpath = //*[@id='overlay-signup-form-email']
2016-10-10 16:49:04,760 DEBUG WeeblyTest [main] Found element by Xpath = //*[@id='overlay-signup-form-pass']
2016-10-10 16:49:04,910 DEBUG WeeblyTest [main] Found element by Xpath = //*[contains(@class, 'signup-form__submit signup-btn submit-btn')]
2016-10-10 16:49:05,534 DEBUG WeeblyTest [main] Found element by Xpath = //*[@id='weebly-username']
2016-10-10 16:49:05,556 DEBUG WeeblyTest [main] Account already exists. Logging in...
2016-10-10 16:49:05,628 INFO WeeblyTest [main] testSignUp(WeeblyTest)
2016-10-10 17:20:11,380 DEBUG WeeblyTest [main] Found element by Xpath = //*[@id='sign-up-button']
2016-10-10 17:20:11,524 DEBUG WeeblyTest [main] Found element by Xpath = //*[@id='overlay-signup-form-name']
2016-10-10 17:20:11,811 DEBUG WeeblyTest [main] Found element by Xpath = //*[@id='overlay-signup-form-email']
2016-10-10 17:20:11,927 DEBUG WeeblyTest [main] Found element by Xpath = //*[@id='overlay-signup-form-pass']
2016-10-10 17:20:12,070 DEBUG WeeblyTest [main] Found element by Xpath = //*[contains(@class, 'signup-form__submit signup-btn submit-btn')]
2016-10-10 17:20:12,720 DEBUG WeeblyTest [main] Found element by Xpath = //*[@id='weebly-username']
2016-10-10 17:20:12,748 DEBUG WeeblyTest [main] Account already exists. Logging in...
2016-10-10 17:20:12,822 INFO WeeblyTest [main] testSignUp(SignUpTest)
2016-10-10 17:20:31,899 DEBUG WeeblyTest [main] Found element by Xpath = //*[@id='login-button']
2016-10-10 17:20:32,064 DEBUG WeeblyTest [main] Found element by Xpath = //*[@id='weebly-username']
2016-10-10 17:20:32,178 DEBUG WeeblyTest [main] Found element by Xpath = //*[@id='weebly-password']
2016-10-10 17:20:32,284 DEBUG WeeblyTest [main] Found element by Xpath = //*[@id='weebly-login']/p[3]/input
2016-10-10 17:20:35,819 DEBUG WeeblyTest [main] Log in successful.
2016-10-10 17:20:35,892 INFO WeeblyTest [main] testLogin(LogInTest)
2016-10-10 17:24:38,206 DEBUG WeeblyTest [pool-1-thread-1] Found element by Xpath = //*[@id='sign-up-button']
2016-10-10 17:24:38,358 DEBUG WeeblyTest [pool-1-thread-1] Found element by Xpath = //*[@id='overlay-signup-form-name']
2016-10-10 17:24:38,468 DEBUG WeeblyTest [pool-1-thread-2] Found element by Xpath = //*[@id='login-button']
2016-10-10 17:24:38,610 DEBUG WeeblyTest [pool-1-thread-1] Found element by Xpath = //*[@id='overlay-signup-form-email']
2016-10-10 17:24:38,681 DEBUG WeeblyTest [pool-1-thread-2] Found element by Xpath = //*[@id='weebly-username']
2016-10-10 17:24:38,794 DEBUG WeeblyTest [pool-1-thread-1] Found element by Xpath = //*[@id='overlay-signup-form-pass']
2016-10-10 17:24:38,860 DEBUG WeeblyTest [pool-1-thread-2] Found element by Xpath = //*[@id='weebly-password']
2016-10-10 17:24:38,987 DEBUG WeeblyTest [pool-1-thread-1] Found element by Xpath = //*[contains(@class, 'signup-form__submit signup-btn submit-btn')]
2016-10-10 17:24:39,041 DEBUG WeeblyTest [pool-1-thread-2] Found element by Xpath = //*[@id='weebly-login']/p[3]/input
2016-10-10 17:24:39,630 DEBUG WeeblyTest [pool-1-thread-1] Found element by Xpath = //*[@id='weebly-username']
2016-10-10 17:24:39,662 DEBUG WeeblyTest [pool-1-thread-1] Account already exists. Logging in...
2016-10-10 17:24:39,739 INFO WeeblyTest [pool-1-thread-1] testSignUp(SignUpTest)
2016-10-10 17:24:43,684 DEBUG WeeblyTest [pool-1-thread-2] Log in successful.
2016-10-10 17:24:43,757 INFO WeeblyTest [pool-1-thread-2] testLogin(LogInTest)
2016-10-10 17:28:46,477 DEBUG WeeblyTest [main] Found element by Xpath = //*[@id='sign-up-button']
2016-10-10 17:28:46,619 DEBUG WeeblyTest [main] Found element by Xpath = //*[@id='overlay-signup-form-name']
2016-10-10 17:28:46,914 DEBUG WeeblyTest [main] Found element by Xpath = //*[@id='overlay-signup-form-email']
2016-10-10 17:28:47,028 DEBUG WeeblyTest [main] Found element by Xpath = //*[@id='overlay-signup-form-pass']
2016-10-10 17:28:47,161 DEBUG WeeblyTest [main] Found element by Xpath = //*[contains(@class, 'signup-form__submit signup-btn submit-btn')]
2016-10-10 17:28:47,777 DEBUG WeeblyTest [main] Found element by Xpath = //*[@id='weebly-username']
2016-10-10 17:28:47,799 DEBUG WeeblyTest [main] Account already exists. Logging in...
2016-10-10 17:28:47,874 INFO WeeblyTest [main] testSignUp(SignUpTest)
2016-10-10 17:30:06,112 DEBUG WeeblyTest [main] Found element by Xpath = //*[@id='login-button']
2016-10-10 17:30:06,255 DEBUG WeeblyTest [main] Found element by Xpath = //*[@id='weebly-username']
2016-10-10 17:30:06,369 DEBUG WeeblyTest [main] Found element by Xpath = //*[@id='weebly-password']
2016-10-10 17:30:06,474 DEBUG WeeblyTest [main] Found element by Xpath = //*[@id='weebly-login']/p[3]/input
2016-10-10 17:30:10,129 DEBUG WeeblyTest [main] Log in successful.
2016-10-10 17:30:10,214 INFO WeeblyTest [main] testLogin(LogInTest)
2016-10-10 17:30:42,097 DEBUG WeeblyTest [pool-1-thread-2] Found element by Xpath = //*[@id='login-button']
2016-10-10 17:30:42,300 DEBUG WeeblyTest [pool-1-thread-2] Found element by Xpath = //*[@id='weebly-username']
2016-10-10 17:30:42,335 DEBUG WeeblyTest [pool-1-thread-1] Found element by Xpath = //*[@id='sign-up-button']
2016-10-10 17:30:42,430 DEBUG WeeblyTest [pool-1-thread-2] Found element by Xpath = //*[@id='weebly-password']
2016-10-10 17:30:42,504 DEBUG WeeblyTest [pool-1-thread-1] Found element by Xpath = //*[@id='overlay-signup-form-name']
2016-10-10 17:30:42,573 DEBUG WeeblyTest [pool-1-thread-2] Found element by Xpath = //*[@id='weebly-login']/p[3]/input
2016-10-10 17:30:42,750 DEBUG WeeblyTest [pool-1-thread-1] Found element by Xpath = //*[@id='overlay-signup-form-email']
2016-10-10 17:30:42,916 DEBUG WeeblyTest [pool-1-thread-1] Found element by Xpath = //*[@id='overlay-signup-form-pass']
2016-10-10 17:30:43,085 DEBUG WeeblyTest [pool-1-thread-1] Found element by Xpath = //*[contains(@class, 'signup-form__submit signup-btn submit-btn')]
2016-10-10 17:30:43,720 DEBUG WeeblyTest [pool-1-thread-1] Found element by Xpath = //*[@id='weebly-username']
2016-10-10 17:30:43,763 DEBUG WeeblyTest [pool-1-thread-1] Account already exists. Logging in...
2016-10-10 17:30:43,842 INFO WeeblyTest [pool-1-thread-1] testSignUp(SignUpTest)
2016-10-10 17:30:47,731 ERROR WeeblyTest [pool-1-thread-2] testLogin(LogInTest)
org.openqa.selenium.TimeoutException: Expected condition failed: waiting for title to contain "Dashboard". Current title: "Weebly Website Builder: Create a Free Website, Store or Blog" (tried for 5 second(s) with 500 MILLISECONDS interval)
Build info: version: '3.0.0-beta4', revision: '3169782', time: '2016-09-29 10:30:04 -0700'
System info: host: 'alexanderbelltowne-weebly-mbp.local', ip: '10.123.142.1', os.name: 'Mac OS X', os.arch: 'x86_64', os.version: '10.11.6', java.version: '1.8.0_102'
Driver info: org.openqa.selenium.chrome.ChromeDriver
Capabilities [{applicationCacheEnabled=false, rotatable=false, mobileEmulationEnabled=false, networkConnectionEnabled=false, chrome={chromedriverVersion=2.24.417412 (ac882d3ce7c0d99292439bf3405780058fcca0a6), userDataDir=/var/folders/41/lcfk4ltd1blbgs9g6g5blwz00000gp/T/.org.chromium.Chromium.nXqOQq}, takesHeapSnapshot=true, pageLoadStrategy=normal, databaseEnabled=false, handlesAlerts=true, hasTouchScreen=false, version=53.0.2785.143, platform=MAC, browserConnectionEnabled=false, nativeEvents=true, acceptSslCerts=true, locationContextEnabled=true, webStorageEnabled=true, browserName=chrome, takesScreenshot=true, javascriptEnabled=true, cssSelectorsEnabled=true}]
Session ID: fc96256a6e8339e52771ece0827176f2
	at org.openqa.selenium.support.ui.WebDriverWait.timeoutException(WebDriverWait.java:80) ~[selenium-support-3.0.0-beta4.jar:?]
	at org.openqa.selenium.support.ui.FluentWait.until(FluentWait.java:265) ~[selenium-support-3.0.0-beta4.jar:?]
	at LogInTest.testLogin(LogInTest.java:25) ~[test-classes/:?]
	at sun.reflect.NativeMethodAccessorImpl.invoke0(Native Method) ~[?:1.8.0_102]
	at sun.reflect.NativeMethodAccessorImpl.invoke(NativeMethodAccessorImpl.java:62) ~[?:1.8.0_102]
	at sun.reflect.DelegatingMethodAccessorImpl.invoke(DelegatingMethodAccessorImpl.java:43) ~[?:1.8.0_102]
	at java.lang.reflect.Method.invoke(Method.java:498) ~[?:1.8.0_102]
	at org.junit.runners.model.FrameworkMethod$1.runReflectiveCall(FrameworkMethod.java:50) ~[junit-4.12.jar:4.12]
	at org.junit.internal.runners.model.ReflectiveCallable.run(ReflectiveCallable.java:12) ~[junit-4.12.jar:4.12]
	at org.junit.runners.model.FrameworkMethod.invokeExplosively(FrameworkMethod.java:47) ~[junit-4.12.jar:4.12]
	at org.junit.internal.runners.statements.InvokeMethod.evaluate(InvokeMethod.java:17) ~[junit-4.12.jar:4.12]
	at org.junit.internal.runners.statements.RunBefores.evaluate(RunBefores.java:26) ~[junit-4.12.jar:4.12]
	at org.junit.rules.TestWatcher$1.evaluate(TestWatcher.java:55) [junit-4.12.jar:4.12]
	at org.junit.rules.RunRules.evaluate(RunRules.java:20) [junit-4.12.jar:4.12]
	at org.junit.runners.ParentRunner.runLeaf(ParentRunner.java:325) [junit-4.12.jar:4.12]
	at org.junit.runners.BlockJUnit4ClassRunner.runChild(BlockJUnit4ClassRunner.java:78) [junit-4.12.jar:4.12]
	at org.junit.runners.BlockJUnit4ClassRunner.runChild(BlockJUnit4ClassRunner.java:57) [junit-4.12.jar:4.12]
	at org.junit.runners.ParentRunner$3.run(ParentRunner.java:290) [junit-4.12.jar:4.12]
	at org.junit.runners.ParentRunner$1.schedule(ParentRunner.java:71) [junit-4.12.jar:4.12]
	at org.junit.runners.ParentRunner.runChildren(ParentRunner.java:288) [junit-4.12.jar:4.12]
	at org.junit.runners.ParentRunner.access$000(ParentRunner.java:58) [junit-4.12.jar:4.12]
	at org.junit.runners.ParentRunner$2.evaluate(ParentRunner.java:268) [junit-4.12.jar:4.12]
	at org.junit.runners.ParentRunner.run(ParentRunner.java:363) [junit-4.12.jar:4.12]
	at org.junit.runners.Suite.runChild(Suite.java:128) [junit-4.12.jar:4.12]
	at org.junit.runners.Suite.runChild(Suite.java:27) [junit-4.12.jar:4.12]
	at org.junit.runners.ParentRunner$3.run(ParentRunner.java:290) [junit-4.12.jar:4.12]
	at java.util.concurrent.Executors$RunnableAdapter.call(Executors.java:511) [?:1.8.0_102]
	at java.util.concurrent.FutureTask.run(FutureTask.java:266) [?:1.8.0_102]
	at java.util.concurrent.ThreadPoolExecutor.runWorker(ThreadPoolExecutor.java:1142) [?:1.8.0_102]
	at java.util.concurrent.ThreadPoolExecutor$Worker.run(ThreadPoolExecutor.java:617) [?:1.8.0_102]
	at java.lang.Thread.run(Thread.java:745) [?:1.8.0_102]
2016-10-10 17:32:01,749 DEBUG WeeblyTest [pool-1-thread-2] Found element by Xpath = //*[@id='login-button']
2016-10-10 17:32:01,896 DEBUG WeeblyTest [pool-1-thread-2] Found element by Xpath = //*[@id='weebly-username']
2016-10-10 17:32:01,916 DEBUG WeeblyTest [pool-1-thread-1] Found element by Xpath = //*[@id='sign-up-button']
2016-10-10 17:32:02,037 DEBUG WeeblyTest [pool-1-thread-2] Found element by Xpath = //*[@id='weebly-password']
2016-10-10 17:32:02,119 DEBUG WeeblyTest [pool-1-thread-1] Found element by Xpath = //*[@id='overlay-signup-form-name']
2016-10-10 17:32:02,179 DEBUG WeeblyTest [pool-1-thread-2] Found element by Xpath = //*[@id='weebly-login']/p[3]/input
2016-10-10 17:32:02,260 DEBUG WeeblyTest [pool-1-thread-1] Found element by Xpath = //*[@id='overlay-signup-form-email']
2016-10-10 17:32:02,393 DEBUG WeeblyTest [pool-1-thread-1] Found element by Xpath = //*[@id='overlay-signup-form-pass']
2016-10-10 17:32:02,546 DEBUG WeeblyTest [pool-1-thread-1] Found element by Xpath = //*[contains(@class, 'signup-form__submit signup-btn submit-btn')]
2016-10-10 17:32:03,156 DEBUG WeeblyTest [pool-1-thread-1] Found element by Xpath = //*[@id='weebly-username']
2016-10-10 17:32:03,180 DEBUG WeeblyTest [pool-1-thread-1] Account already exists. Logging in...
2016-10-10 17:32:03,255 INFO WeeblyTest [pool-1-thread-1] testSignUp(SignUpTest)
2016-10-10 17:32:05,939 DEBUG WeeblyTest [pool-1-thread-2] Log in successful.
2016-10-10 17:32:06,011 INFO WeeblyTest [pool-1-thread-2] testLogin(LogInTest)
2016-10-10 17:33:39,256 DEBUG WeeblyTest [pool-1-thread-2] Found element by Xpath = //*[@id='login-button']
2016-10-10 17:33:39,421 DEBUG WeeblyTest [pool-1-thread-2] Found element by Xpath = //*[@id='weebly-username']
2016-10-10 17:33:39,453 DEBUG WeeblyTest [pool-1-thread-1] Found element by Xpath = //*[@id='sign-up-button']
2016-10-10 17:33:39,583 DEBUG WeeblyTest [pool-1-thread-2] Found element by Xpath = //*[@id='weebly-password']
2016-10-10 17:33:39,663 DEBUG WeeblyTest [pool-1-thread-1] Found element by Xpath = //*[@id='overlay-signup-form-name']
2016-10-10 17:33:39,767 DEBUG WeeblyTest [pool-1-thread-2] Found element by Xpath = //*[@id='weebly-login']/p[3]/input
2016-10-10 17:33:39,919 DEBUG WeeblyTest [pool-1-thread-1] Found element by Xpath = //*[@id='overlay-signup-form-email']
2016-10-10 17:33:40,071 DEBUG WeeblyTest [pool-1-thread-1] Found element by Xpath = //*[@id='overlay-signup-form-pass']
2016-10-10 17:33:40,218 DEBUG WeeblyTest [pool-1-thread-1] Found element by Xpath = //*[contains(@class, 'signup-form__submit signup-btn submit-btn')]
2016-10-10 17:33:40,835 DEBUG WeeblyTest [pool-1-thread-1] Found element by Xpath = //*[@id='weebly-username']
2016-10-10 17:33:40,863 DEBUG WeeblyTest [pool-1-thread-1] Account already exists. Logging in...
2016-10-10 17:33:40,940 INFO WeeblyTest [pool-1-thread-1] testSignUp(SignUpTest)
2016-10-10 17:33:44,988 ERROR WeeblyTest [pool-1-thread-2] testLogin(LogInTest)
org.openqa.selenium.TimeoutException: Expected condition failed: waiting for title to contain "Dashboard". Current title: "Weebly Website Builder: Create a Free Website, Store or Blog" (tried for 5 second(s) with 500 MILLISECONDS interval)
Build info: version: '3.0.0-beta4', revision: '3169782', time: '2016-09-29 10:30:04 -0700'
System info: host: 'alexanderbelltowne-weebly-mbp.local', ip: '10.123.142.1', os.name: 'Mac OS X', os.arch: 'x86_64', os.version: '10.11.6', java.version: '1.8.0_102'
Driver info: org.openqa.selenium.chrome.ChromeDriver
Capabilities [{applicationCacheEnabled=false, rotatable=false, mobileEmulationEnabled=false, networkConnectionEnabled=false, chrome={chromedriverVersion=2.24.417412 (ac882d3ce7c0d99292439bf3405780058fcca0a6), userDataDir=/var/folders/41/lcfk4ltd1blbgs9g6g5blwz00000gp/T/.org.chromium.Chromium.PifJEO}, takesHeapSnapshot=true, pageLoadStrategy=normal, databaseEnabled=false, handlesAlerts=true, hasTouchScreen=false, version=53.0.2785.143, platform=MAC, browserConnectionEnabled=false, nativeEvents=true, acceptSslCerts=true, locationContextEnabled=true, webStorageEnabled=true, browserName=chrome, takesScreenshot=true, javascriptEnabled=true, cssSelectorsEnabled=true}]
Session ID: 523cf795960d7c0949b96d6291e1c4fc
	at org.openqa.selenium.support.ui.WebDriverWait.timeoutException(WebDriverWait.java:80) ~[selenium-support-3.0.0-beta4.jar:?]
	at org.openqa.selenium.support.ui.FluentWait.until(FluentWait.java:265) ~[selenium-support-3.0.0-beta4.jar:?]
	at LogInTest.testLogin(LogInTest.java:25) ~[test-classes/:?]
	at sun.reflect.NativeMethodAccessorImpl.invoke0(Native Method) ~[?:1.8.0_102]
	at sun.reflect.NativeMethodAccessorImpl.invoke(NativeMethodAccessorImpl.java:62) ~[?:1.8.0_102]
	at sun.reflect.DelegatingMethodAccessorImpl.invoke(DelegatingMethodAccessorImpl.java:43) ~[?:1.8.0_102]
	at java.lang.reflect.Method.invoke(Method.java:498) ~[?:1.8.0_102]
	at org.junit.runners.model.FrameworkMethod$1.runReflectiveCall(FrameworkMethod.java:50) ~[junit-4.12.jar:4.12]
	at org.junit.internal.runners.model.ReflectiveCallable.run(ReflectiveCallable.java:12) ~[junit-4.12.jar:4.12]
	at org.junit.runners.model.FrameworkMethod.invokeExplosively(FrameworkMethod.java:47) ~[junit-4.12.jar:4.12]
	at org.junit.internal.runners.statements.InvokeMethod.evaluate(InvokeMethod.java:17) ~[junit-4.12.jar:4.12]
	at org.junit.internal.runners.statements.RunBefores.evaluate(RunBefores.java:26) ~[junit-4.12.jar:4.12]
	at org.junit.rules.TestWatcher$1.evaluate(TestWatcher.java:55) [junit-4.12.jar:4.12]
	at org.junit.rules.RunRules.evaluate(RunRules.java:20) [junit-4.12.jar:4.12]
	at org.junit.runners.ParentRunner.runLeaf(ParentRunner.java:325) [junit-4.12.jar:4.12]
	at org.junit.runners.BlockJUnit4ClassRunner.runChild(BlockJUnit4ClassRunner.java:78) [junit-4.12.jar:4.12]
	at org.junit.runners.BlockJUnit4ClassRunner.runChild(BlockJUnit4ClassRunner.java:57) [junit-4.12.jar:4.12]
	at org.junit.runners.ParentRunner$3.run(ParentRunner.java:290) [junit-4.12.jar:4.12]
	at org.junit.runners.ParentRunner$1.schedule(ParentRunner.java:71) [junit-4.12.jar:4.12]
	at org.junit.runners.ParentRunner.runChildren(ParentRunner.java:288) [junit-4.12.jar:4.12]
	at org.junit.runners.ParentRunner.access$000(ParentRunner.java:58) [junit-4.12.jar:4.12]
	at org.junit.runners.ParentRunner$2.evaluate(ParentRunner.java:268) [junit-4.12.jar:4.12]
	at org.junit.runners.ParentRunner.run(ParentRunner.java:363) [junit-4.12.jar:4.12]
	at org.junit.runners.Suite.runChild(Suite.java:128) [junit-4.12.jar:4.12]
	at org.junit.runners.Suite.runChild(Suite.java:27) [junit-4.12.jar:4.12]
	at org.junit.runners.ParentRunner$3.run(ParentRunner.java:290) [junit-4.12.jar:4.12]
	at java.util.concurrent.Executors$RunnableAdapter.call(Executors.java:511) [?:1.8.0_102]
	at java.util.concurrent.FutureTask.run(FutureTask.java:266) [?:1.8.0_102]
	at java.util.concurrent.ThreadPoolExecutor.runWorker(ThreadPoolExecutor.java:1142) [?:1.8.0_102]
	at java.util.concurrent.ThreadPoolExecutor$Worker.run(ThreadPoolExecutor.java:617) [?:1.8.0_102]
	at java.lang.Thread.run(Thread.java:745) [?:1.8.0_102]
2016-10-10 17:36:51,736 DEBUG WeeblyTest [pool-1-thread-2] Found element by Xpath = //*[@id='login-button']
2016-10-10 17:36:51,891 DEBUG WeeblyTest [pool-1-thread-1] Found element by Xpath = //*[@id='sign-up-button']
2016-10-10 17:36:51,903 DEBUG WeeblyTest [pool-1-thread-2] Found element by Xpath = //*[@id='weebly-username']
2016-10-10 17:36:52,071 DEBUG WeeblyTest [pool-1-thread-2] Found element by Xpath = //*[@id='weebly-password']
2016-10-10 17:36:52,089 DEBUG WeeblyTest [pool-1-thread-1] Found element by Xpath = //*[@id='overlay-signup-form-name']
2016-10-10 17:36:52,241 DEBUG WeeblyTest [pool-1-thread-2] Found element by Xpath = //*[@id='weebly-login']/p[3]/input
2016-10-10 17:36:52,369 DEBUG WeeblyTest [pool-1-thread-1] Found element by Xpath = //*[@id='overlay-signup-form-email']
2016-10-10 17:36:52,499 DEBUG WeeblyTest [pool-1-thread-1] Found element by Xpath = //*[@id='overlay-signup-form-pass']
2016-10-10 17:36:52,625 DEBUG WeeblyTest [pool-1-thread-1] Found element by Xpath = //*[contains(@class, 'signup-form__submit signup-btn submit-btn')]
2016-10-10 17:36:53,233 DEBUG WeeblyTest [pool-1-thread-1] Found element by Xpath = //*[@id='weebly-username']
2016-10-10 17:36:53,254 DEBUG WeeblyTest [pool-1-thread-1] Account already exists. Logging in...
2016-10-10 17:36:53,328 INFO WeeblyTest [pool-1-thread-1] testSignUp(SignUpTest)
2016-10-10 17:36:57,416 ERROR WeeblyTest [pool-1-thread-2] testLogin(LogInTest)
org.openqa.selenium.TimeoutException: Expected condition failed: waiting for title to contain "Dashboard". Current title: "Weebly Website Builder: Create a Free Website, Store or Blog" (tried for 5 second(s) with 500 MILLISECONDS interval)
Build info: version: '3.0.0-beta4', revision: '3169782', time: '2016-09-29 10:30:04 -0700'
System info: host: 'alexanderbelltowne-weebly-mbp.local', ip: '10.123.142.1', os.name: 'Mac OS X', os.arch: 'x86_64', os.version: '10.11.6', java.version: '1.8.0_102'
Driver info: org.openqa.selenium.chrome.ChromeDriver
Capabilities [{applicationCacheEnabled=false, rotatable=false, mobileEmulationEnabled=false, networkConnectionEnabled=false, chrome={chromedriverVersion=2.24.417412 (ac882d3ce7c0d99292439bf3405780058fcca0a6), userDataDir=/var/folders/41/lcfk4ltd1blbgs9g6g5blwz00000gp/T/.org.chromium.Chromium.Nrpoeg}, takesHeapSnapshot=true, pageLoadStrategy=normal, databaseEnabled=false, handlesAlerts=true, hasTouchScreen=false, version=53.0.2785.143, platform=MAC, browserConnectionEnabled=false, nativeEvents=true, acceptSslCerts=true, locationContextEnabled=true, webStorageEnabled=true, browserName=chrome, takesScreenshot=true, javascriptEnabled=true, cssSelectorsEnabled=true}]
Session ID: 3f3f9628c5a1a33c74a1c25a51e0da65
	at org.openqa.selenium.support.ui.WebDriverWait.timeoutException(WebDriverWait.java:80) ~[selenium-support-3.0.0-beta4.jar:?]
	at org.openqa.selenium.support.ui.FluentWait.until(FluentWait.java:265) ~[selenium-support-3.0.0-beta4.jar:?]
	at LogInTest.testLogin(LogInTest.java:25) ~[test-classes/:?]
	at sun.reflect.NativeMethodAccessorImpl.invoke0(Native Method) ~[?:1.8.0_102]
	at sun.reflect.NativeMethodAccessorImpl.invoke(NativeMethodAccessorImpl.java:62) ~[?:1.8.0_102]
	at sun.reflect.DelegatingMethodAccessorImpl.invoke(DelegatingMethodAccessorImpl.java:43) ~[?:1.8.0_102]
	at java.lang.reflect.Method.invoke(Method.java:498) ~[?:1.8.0_102]
	at org.junit.runners.model.FrameworkMethod$1.runReflectiveCall(FrameworkMethod.java:50) ~[junit-4.12.jar:4.12]
	at org.junit.internal.runners.model.ReflectiveCallable.run(ReflectiveCallable.java:12) ~[junit-4.12.jar:4.12]
	at org.junit.runners.model.FrameworkMethod.invokeExplosively(FrameworkMethod.java:47) ~[junit-4.12.jar:4.12]
	at org.junit.internal.runners.statements.InvokeMethod.evaluate(InvokeMethod.java:17) ~[junit-4.12.jar:4.12]
	at org.junit.internal.runners.statements.RunBefores.evaluate(RunBefores.java:26) ~[junit-4.12.jar:4.12]
	at org.junit.rules.TestWatcher$1.evaluate(TestWatcher.java:55) [junit-4.12.jar:4.12]
	at org.junit.rules.RunRules.evaluate(RunRules.java:20) [junit-4.12.jar:4.12]
	at org.junit.runners.ParentRunner.runLeaf(ParentRunner.java:325) [junit-4.12.jar:4.12]
	at org.junit.runners.BlockJUnit4ClassRunner.runChild(BlockJUnit4ClassRunner.java:78) [junit-4.12.jar:4.12]
	at org.junit.runners.BlockJUnit4ClassRunner.runChild(BlockJUnit4ClassRunner.java:57) [junit-4.12.jar:4.12]
	at org.junit.runners.ParentRunner$3.run(ParentRunner.java:290) [junit-4.12.jar:4.12]
	at org.junit.runners.ParentRunner$1.schedule(ParentRunner.java:71) [junit-4.12.jar:4.12]
	at org.junit.runners.ParentRunner.runChildren(ParentRunner.java:288) [junit-4.12.jar:4.12]
	at org.junit.runners.ParentRunner.access$000(ParentRunner.java:58) [junit-4.12.jar:4.12]
	at org.junit.runners.ParentRunner$2.evaluate(ParentRunner.java:268) [junit-4.12.jar:4.12]
	at org.junit.runners.ParentRunner.run(ParentRunner.java:363) [junit-4.12.jar:4.12]
	at org.junit.runners.Suite.runChild(Suite.java:128) [junit-4.12.jar:4.12]
	at org.junit.runners.Suite.runChild(Suite.java:27) [junit-4.12.jar:4.12]
	at org.junit.runners.ParentRunner$3.run(ParentRunner.java:290) [junit-4.12.jar:4.12]
	at java.util.concurrent.Executors$RunnableAdapter.call(Executors.java:511) [?:1.8.0_102]
	at java.util.concurrent.FutureTask.run(FutureTask.java:266) [?:1.8.0_102]
	at java.util.concurrent.ThreadPoolExecutor.runWorker(ThreadPoolExecutor.java:1142) [?:1.8.0_102]
	at java.util.concurrent.ThreadPoolExecutor$Worker.run(ThreadPoolExecutor.java:617) [?:1.8.0_102]
	at java.lang.Thread.run(Thread.java:745) [?:1.8.0_102]
2016-10-10 17:38:34,372 DEBUG WeeblyTest [pool-1-thread-1] Found element by Xpath = //*[@id='sign-up-button']
2016-10-10 17:38:34,390 DEBUG WeeblyTest [pool-1-thread-2] Found element by Xpath = //*[@id='login-button']
2016-10-10 17:38:34,564 DEBUG WeeblyTest [pool-1-thread-1] Found element by Xpath = //*[@id='overlay-signup-form-name']
2016-10-10 17:38:34,586 DEBUG WeeblyTest [pool-1-thread-2] Found element by Xpath = //*[@id='weebly-username']
2016-10-10 17:38:34,781 DEBUG WeeblyTest [pool-1-thread-2] Found element by Xpath = //*[@id='weebly-password']
2016-10-10 17:38:34,925 DEBUG WeeblyTest [pool-1-thread-1] Found element by Xpath = //*[@id='overlay-signup-form-email']
2016-10-10 17:38:34,947 DEBUG WeeblyTest [pool-1-thread-2] Found element by Xpath = //*[@id='weebly-login']/p[3]/input
2016-10-10 17:38:35,068 DEBUG WeeblyTest [pool-1-thread-1] Found element by Xpath = //*[@id='overlay-signup-form-pass']
2016-10-10 17:38:35,244 DEBUG WeeblyTest [pool-1-thread-1] Found element by Xpath = //*[contains(@class, 'signup-form__submit signup-btn submit-btn')]
2016-10-10 17:38:35,884 DEBUG WeeblyTest [pool-1-thread-1] Found element by Xpath = //*[@id='weebly-username']
2016-10-10 17:38:35,916 DEBUG WeeblyTest [pool-1-thread-1] Account already exists. Logging in...
2016-10-10 17:38:35,993 INFO WeeblyTest [pool-1-thread-1] testSignUp(SignUpTest)
2016-10-10 17:38:39,977 DEBUG WeeblyTest [pool-1-thread-2] Log in successful.
2016-10-10 17:38:40,049 INFO WeeblyTest [pool-1-thread-2] testLogin(LogInTest)
2016-10-10 17:39:15,283 DEBUG WeeblyTest [pool-1-thread-2] Found element by Xpath = //*[@id='login-button']
2016-10-10 17:39:15,431 DEBUG WeeblyTest [pool-1-thread-2] Found element by Xpath = //*[@id='weebly-username']
2016-10-10 17:39:15,561 DEBUG WeeblyTest [pool-1-thread-2] Found element by Xpath = //*[@id='weebly-password']
2016-10-10 17:39:15,720 DEBUG WeeblyTest [pool-1-thread-2] Found element by Xpath = //*[@id='weebly-login']/p[3]/input
2016-10-10 17:39:15,776 DEBUG WeeblyTest [pool-1-thread-1] Found element by Xpath = //*[@id='sign-up-button']
2016-10-10 17:39:15,934 DEBUG WeeblyTest [pool-1-thread-1] Found element by Xpath = //*[@id='overlay-signup-form-name']
2016-10-10 17:39:16,212 DEBUG WeeblyTest [pool-1-thread-1] Found element by Xpath = //*[@id='overlay-signup-form-email']
2016-10-10 17:39:16,340 DEBUG WeeblyTest [pool-1-thread-1] Found element by Xpath = //*[@id='overlay-signup-form-pass']
2016-10-10 17:39:16,488 DEBUG WeeblyTest [pool-1-thread-1] Found element by Xpath = //*[contains(@class, 'signup-form__submit signup-btn submit-btn')]
2016-10-10 17:39:17,128 DEBUG WeeblyTest [pool-1-thread-1] Found element by Xpath = //*[@id='weebly-username']
2016-10-10 17:39:17,153 DEBUG WeeblyTest [pool-1-thread-1] Account already exists. Logging in...
2016-10-10 17:39:17,226 INFO WeeblyTest [pool-1-thread-1] testSignUp(SignUpTest)
2016-10-10 17:39:20,161 DEBUG WeeblyTest [pool-1-thread-2] Log in successful.
2016-10-10 17:39:20,234 INFO WeeblyTest [pool-1-thread-2] testLogin(LogInTest)
2016-10-10 17:39:34,438 DEBUG WeeblyTest [pool-1-thread-2] Found element by Xpath = //*[@id='login-button']
2016-10-10 17:39:34,649 DEBUG WeeblyTest [pool-1-thread-2] Found element by Xpath = //*[@id='weebly-username']
2016-10-10 17:39:34,755 DEBUG WeeblyTest [pool-1-thread-2] Found element by Xpath = //*[@id='weebly-password']
2016-10-10 17:39:34,855 DEBUG WeeblyTest [pool-1-thread-2] Found element by Xpath = //*[@id='weebly-login']/p[3]/input
2016-10-10 17:39:35,224 DEBUG WeeblyTest [pool-1-thread-1] Found element by Xpath = //*[@id='sign-up-button']
2016-10-10 17:39:35,390 DEBUG WeeblyTest [pool-1-thread-1] Found element by Xpath = //*[@id='overlay-signup-form-name']
2016-10-10 17:39:35,618 DEBUG WeeblyTest [pool-1-thread-1] Found element by Xpath = //*[@id='overlay-signup-form-email']
2016-10-10 17:39:35,778 DEBUG WeeblyTest [pool-1-thread-1] Found element by Xpath = //*[@id='overlay-signup-form-pass']
2016-10-10 17:39:35,940 DEBUG WeeblyTest [pool-1-thread-1] Found element by Xpath = //*[contains(@class, 'signup-form__submit signup-btn submit-btn')]
2016-10-10 17:39:36,567 DEBUG WeeblyTest [pool-1-thread-1] Found element by Xpath = //*[@id='weebly-username']
2016-10-10 17:39:36,590 DEBUG WeeblyTest [pool-1-thread-1] Account already exists. Logging in...
2016-10-10 17:39:36,666 INFO WeeblyTest [pool-1-thread-1] testSignUp(SignUpTest)
2016-10-10 17:39:38,760 DEBUG WeeblyTest [pool-1-thread-2] Log in successful.
2016-10-10 17:39:38,833 INFO WeeblyTest [pool-1-thread-2] testLogin(LogInTest)
2016-10-10 17:40:21,859 DEBUG WeeblyTest [pool-1-thread-1] Found element by Xpath = //*[@id='sign-up-button']
2016-10-10 17:40:22,025 DEBUG WeeblyTest [pool-1-thread-1] Found element by Xpath = //*[@id='overlay-signup-form-name']
2016-10-10 17:40:22,274 DEBUG WeeblyTest [pool-1-thread-1] Found element by Xpath = //*[@id='overlay-signup-form-email']
2016-10-10 17:40:22,444 DEBUG WeeblyTest [pool-1-thread-1] Found element by Xpath = //*[@id='overlay-signup-form-pass']
2016-10-10 17:40:22,701 DEBUG WeeblyTest [pool-1-thread-1] Found element by Xpath = //*[contains(@class, 'signup-form__submit signup-btn submit-btn')]
2016-10-10 17:40:22,764 DEBUG WeeblyTest [pool-1-thread-2] Found element by Xpath = //*[@id='login-button']
2016-10-10 17:40:22,974 DEBUG WeeblyTest [pool-1-thread-2] Found element by Xpath = //*[@id='weebly-username']
2016-10-10 17:40:23,152 DEBUG WeeblyTest [pool-1-thread-2] Found element by Xpath = //*[@id='weebly-password']
2016-10-10 17:40:23,299 DEBUG WeeblyTest [pool-1-thread-2] Found element by Xpath = //*[@id='weebly-login']/p[3]/input
2016-10-10 17:40:23,349 DEBUG WeeblyTest [pool-1-thread-1] Found element by Xpath = //*[@id='weebly-username']
2016-10-10 17:40:23,378 DEBUG WeeblyTest [pool-1-thread-1] Account already exists. Logging in...
2016-10-10 17:40:23,455 INFO WeeblyTest [pool-1-thread-1] testSignUp(SignUpTest)
2016-10-10 17:40:28,549 DEBUG WeeblyTest [pool-1-thread-2] Log in successful.
2016-10-10 17:40:28,623 INFO WeeblyTest [pool-1-thread-2] testLogin(LogInTest)
2016-10-10 17:40:38,521 DEBUG WeeblyTest [pool-1-thread-1] Found element by Xpath = //*[@id='sign-up-button']
2016-10-10 17:40:38,915 DEBUG WeeblyTest [pool-1-thread-2] Found element by Xpath = //*[@id='login-button']
2016-10-10 17:40:39,102 DEBUG WeeblyTest [pool-1-thread-2] Found element by Xpath = //*[@id='weebly-username']
2016-10-10 17:40:39,202 DEBUG WeeblyTest [pool-1-thread-1] Found element by Xpath = //*[@id='overlay-signup-form-name']
2016-10-10 17:40:39,243 DEBUG WeeblyTest [pool-1-thread-2] Found element by Xpath = //*[@id='weebly-password']
2016-10-10 17:40:39,337 DEBUG WeeblyTest [pool-1-thread-1] Found element by Xpath = //*[@id='overlay-signup-form-email']
2016-10-10 17:40:39,382 DEBUG WeeblyTest [pool-1-thread-2] Found element by Xpath = //*[@id='weebly-login']/p[3]/input
2016-10-10 17:40:39,479 DEBUG WeeblyTest [pool-1-thread-1] Found element by Xpath = //*[@id='overlay-signup-form-pass']
2016-10-10 17:40:39,642 DEBUG WeeblyTest [pool-1-thread-1] Found element by Xpath = //*[contains(@class, 'signup-form__submit signup-btn submit-btn')]
2016-10-10 17:40:40,275 DEBUG WeeblyTest [pool-1-thread-1] Found element by Xpath = //*[@id='weebly-username']
2016-10-10 17:40:40,303 DEBUG WeeblyTest [pool-1-thread-1] Account already exists. Logging in...
2016-10-10 17:40:40,378 INFO WeeblyTest [pool-1-thread-1] testSignUp(SignUpTest)
2016-10-10 17:40:44,438 DEBUG WeeblyTest [pool-1-thread-2] Log in successful.
2016-10-10 17:40:44,508 INFO WeeblyTest [pool-1-thread-2] testLogin(LogInTest)
2016-10-10 17:41:20,978 DEBUG WeeblyTest [pool-1-thread-1] Found element by Xpath = //*[@id='sign-up-button']
2016-10-10 17:41:21,173 DEBUG WeeblyTest [pool-1-thread-1] Found element by Xpath = //*[@id='overlay-signup-form-name']
2016-10-10 17:41:21,297 DEBUG WeeblyTest [pool-1-thread-2] Found element by Xpath = //*[@id='login-button']
2016-10-10 17:41:21,313 DEBUG WeeblyTest [pool-1-thread-1] Found element by Xpath = //*[@id='overlay-signup-form-email']
2016-10-10 17:41:21,477 DEBUG WeeblyTest [pool-1-thread-1] Found element by Xpath = //*[@id='overlay-signup-form-pass']
2016-10-10 17:41:21,534 DEBUG WeeblyTest [pool-1-thread-2] Found element by Xpath = //*[@id='weebly-username']
2016-10-10 17:41:21,716 DEBUG WeeblyTest [pool-1-thread-1] Found element by Xpath = //*[contains(@class, 'signup-form__submit signup-btn submit-btn')]
2016-10-10 17:41:21,834 DEBUG WeeblyTest [pool-1-thread-2] Found element by Xpath = //*[@id='weebly-password']
2016-10-10 17:41:21,959 DEBUG WeeblyTest [pool-1-thread-2] Found element by Xpath = //*[@id='weebly-login']/p[3]/input
2016-10-10 17:41:22,368 DEBUG WeeblyTest [pool-1-thread-1] Found element by Xpath = //*[@id='weebly-username']
2016-10-10 17:41:22,398 DEBUG WeeblyTest [pool-1-thread-1] Account already exists. Logging in...
2016-10-10 17:41:22,471 INFO WeeblyTest [pool-1-thread-1] testSignUp(SignUpTest)
2016-10-10 17:41:26,686 DEBUG WeeblyTest [pool-1-thread-2] Log in successful.
2016-10-10 17:41:26,809 INFO WeeblyTest [pool-1-thread-2] testLogin(LogInTest)
2016-10-10 17:45:05,252 DEBUG WeeblyTest [main] Found element by Xpath = //*[@id='sign-up-button']
2016-10-10 17:45:05,397 DEBUG WeeblyTest [main] Found element by Xpath = //*[@id='overlay-signup-form-name']
2016-10-10 17:45:05,661 DEBUG WeeblyTest [main] Found element by Xpath = //*[@id='overlay-signup-form-email']
2016-10-10 17:45:05,777 DEBUG WeeblyTest [main] Found element by Xpath = //*[@id='overlay-signup-form-pass']
2016-10-10 17:45:05,908 DEBUG WeeblyTest [main] Found element by Xpath = //*[contains(@class, 'signup-form__submit signup-btn submit-btn')]
2016-10-10 17:45:06,538 DEBUG WeeblyTest [main] Found element by Xpath = //*[@id='weebly-username']
2016-10-10 17:45:06,572 DEBUG WeeblyTest [main] Account already exists. Logging in...
2016-10-10 17:45:06,574 INFO WeeblyTest [main] testSignUp(SignUpTest)
2016-10-10 17:49:03,206 DEBUG WeeblyTest [main] Found element by Xpath = //*[@id='sign-up-button']
2016-10-10 17:49:03,353 DEBUG WeeblyTest [main] Found element by Xpath = //*[@id='overlay-signup-form-name']
2016-10-10 17:49:03,573 DEBUG WeeblyTest [main] Found element by Xpath = //*[@id='overlay-signup-form-email']
2016-10-10 17:49:03,707 DEBUG WeeblyTest [main] Found element by Xpath = //*[@id='overlay-signup-form-pass']
2016-10-10 17:49:03,856 DEBUG WeeblyTest [main] Found element by Xpath = //*[contains(@class, 'signup-form__submit signup-btn submit-btn')]
2016-10-10 17:49:04,480 DEBUG WeeblyTest [main] Found element by Xpath = //*[contains(@class, 'login-container')]
2016-10-10 17:49:04,508 DEBUG WeeblyTest [main] Account already exists. Logging in...
2016-10-10 17:49:04,509 INFO WeeblyTest [main] testSignUp(SignUpTest)
2016-10-11 14:22:44,235 DEBUG WeeblyTest [pool-1-thread-1] Found element by Xpath = //*[@id='sign-up-button']
2016-10-11 14:22:44,295 DEBUG WeeblyTest [pool-1-thread-2] Found element by Xpath = //*[@id='login-button']
2016-10-11 14:22:44,456 DEBUG WeeblyTest [pool-1-thread-2] Found element by Xpath = //*[@id='weebly-username']
2016-10-11 14:22:44,523 DEBUG WeeblyTest [pool-1-thread-1] Found element by Xpath = //*[@id='overlay-signup-form-name']
2016-10-11 14:22:44,619 DEBUG WeeblyTest [pool-1-thread-2] Found element by Xpath = //*[@id='weebly-password']
2016-10-11 14:22:44,758 DEBUG WeeblyTest [pool-1-thread-1] Found element by Xpath = //*[@id='overlay-signup-form-email']
2016-10-11 14:22:44,782 DEBUG WeeblyTest [pool-1-thread-2] Found element by Xpath = //*[@id='weebly-login']/p[3]/input
2016-10-11 14:22:44,893 DEBUG WeeblyTest [pool-1-thread-1] Found element by Xpath = //*[@id='overlay-signup-form-pass']
2016-10-11 14:22:45,048 DEBUG WeeblyTest [pool-1-thread-1] Found element by Xpath = //*[contains(@class, 'signup-form__submit signup-btn submit-btn')]
2016-10-11 14:22:45,698 DEBUG WeeblyTest [pool-1-thread-1] Found element by Xpath = //*[contains(@class, 'login-container')]
2016-10-11 14:22:45,731 DEBUG WeeblyTest [pool-1-thread-1] Account already exists. Logging in...
2016-10-11 14:22:45,809 INFO WeeblyTest [pool-1-thread-1] testSignUp(SignUpTest)
2016-10-11 14:22:49,957 ERROR WeeblyTest [pool-1-thread-2] testLogin(LogInTest)
org.openqa.selenium.TimeoutException: Expected condition failed: waiting for title to contain "Dashboard". Current title: "Weebly Website Builder: Create a Free Website, Store or Blog" (tried for 5 second(s) with 500 MILLISECONDS interval)
Build info: version: '3.0.0-beta4', revision: '3169782', time: '2016-09-29 10:30:04 -0700'
System info: host: 'alexanderbelltowne-weebly-mbp.local', ip: '10.123.142.1', os.name: 'Mac OS X', os.arch: 'x86_64', os.version: '10.11.6', java.version: '1.8.0_102'
Driver info: org.openqa.selenium.chrome.ChromeDriver
Capabilities [{applicationCacheEnabled=false, rotatable=false, mobileEmulationEnabled=false, networkConnectionEnabled=false, chrome={chromedriverVersion=2.24.417412 (ac882d3ce7c0d99292439bf3405780058fcca0a6), userDataDir=/var/folders/41/lcfk4ltd1blbgs9g6g5blwz00000gp/T/.org.chromium.Chromium.tkI517}, takesHeapSnapshot=true, pageLoadStrategy=normal, databaseEnabled=false, handlesAlerts=true, hasTouchScreen=false, version=53.0.2785.143, platform=MAC, browserConnectionEnabled=false, nativeEvents=true, acceptSslCerts=true, locationContextEnabled=true, webStorageEnabled=true, browserName=chrome, takesScreenshot=true, javascriptEnabled=true, cssSelectorsEnabled=true}]
Session ID: 389f8dd1b477290e5b929ea1eaaad867
	at org.openqa.selenium.support.ui.WebDriverWait.timeoutException(WebDriverWait.java:80) ~[selenium-support-3.0.0-beta4.jar:?]
	at org.openqa.selenium.support.ui.FluentWait.until(FluentWait.java:265) ~[selenium-support-3.0.0-beta4.jar:?]
	at LogInTest.testLogin(LogInTest.java:26) ~[test-classes/:?]
	at sun.reflect.NativeMethodAccessorImpl.invoke0(Native Method) ~[?:1.8.0_102]
	at sun.reflect.NativeMethodAccessorImpl.invoke(NativeMethodAccessorImpl.java:62) ~[?:1.8.0_102]
	at sun.reflect.DelegatingMethodAccessorImpl.invoke(DelegatingMethodAccessorImpl.java:43) ~[?:1.8.0_102]
	at java.lang.reflect.Method.invoke(Method.java:498) ~[?:1.8.0_102]
	at org.junit.runners.model.FrameworkMethod$1.runReflectiveCall(FrameworkMethod.java:50) ~[junit-4.12.jar:4.12]
	at org.junit.internal.runners.model.ReflectiveCallable.run(ReflectiveCallable.java:12) ~[junit-4.12.jar:4.12]
	at org.junit.runners.model.FrameworkMethod.invokeExplosively(FrameworkMethod.java:47) ~[junit-4.12.jar:4.12]
	at org.junit.internal.runners.statements.InvokeMethod.evaluate(InvokeMethod.java:17) ~[junit-4.12.jar:4.12]
	at org.junit.rules.TestWatcher$1.evaluate(TestWatcher.java:55) [junit-4.12.jar:4.12]
	at org.junit.rules.RunRules.evaluate(RunRules.java:20) [junit-4.12.jar:4.12]
	at org.junit.runners.ParentRunner.runLeaf(ParentRunner.java:325) [junit-4.12.jar:4.12]
	at org.junit.runners.BlockJUnit4ClassRunner.runChild(BlockJUnit4ClassRunner.java:78) [junit-4.12.jar:4.12]
	at org.junit.runners.BlockJUnit4ClassRunner.runChild(BlockJUnit4ClassRunner.java:57) [junit-4.12.jar:4.12]
	at org.junit.runners.ParentRunner$3.run(ParentRunner.java:290) [junit-4.12.jar:4.12]
	at org.junit.runners.ParentRunner$1.schedule(ParentRunner.java:71) [junit-4.12.jar:4.12]
	at org.junit.runners.ParentRunner.runChildren(ParentRunner.java:288) [junit-4.12.jar:4.12]
	at org.junit.runners.ParentRunner.access$000(ParentRunner.java:58) [junit-4.12.jar:4.12]
	at org.junit.runners.ParentRunner$2.evaluate(ParentRunner.java:268) [junit-4.12.jar:4.12]
	at org.junit.runners.ParentRunner.run(ParentRunner.java:363) [junit-4.12.jar:4.12]
	at org.junit.runners.Suite.runChild(Suite.java:128) [junit-4.12.jar:4.12]
	at org.junit.runners.Suite.runChild(Suite.java:27) [junit-4.12.jar:4.12]
	at org.junit.runners.ParentRunner$3.run(ParentRunner.java:290) [junit-4.12.jar:4.12]
	at java.util.concurrent.Executors$RunnableAdapter.call(Executors.java:511) [?:1.8.0_102]
	at java.util.concurrent.FutureTask.run(FutureTask.java:266) [?:1.8.0_102]
	at java.util.concurrent.ThreadPoolExecutor.runWorker(ThreadPoolExecutor.java:1142) [?:1.8.0_102]
	at java.util.concurrent.ThreadPoolExecutor$Worker.run(ThreadPoolExecutor.java:617) [?:1.8.0_102]
	at java.lang.Thread.run(Thread.java:745) [?:1.8.0_102]
2016-10-12 10:09:14,851 DEBUG WeeblyTest [main] Found element by Xpath = //*[@id='sign-up-button']
2016-10-12 10:09:14,992 DEBUG WeeblyTest [main] Found element by Xpath = //*[@id='overlay-signup-form-name']
2016-10-12 10:09:15,222 DEBUG WeeblyTest [main] Found element by Xpath = //*[@id='overlay-signup-form-email']
2016-10-12 10:09:15,440 DEBUG WeeblyTest [main] Found element by Xpath = //*[@id='overlay-signup-form-pass']
2016-10-12 10:09:15,568 DEBUG WeeblyTest [main] Found element by Xpath = //*[contains(@class, 'signup-form__submit signup-btn submit-btn')]
2016-10-12 10:09:16,329 DEBUG WeeblyTest [main] Found element by Xpath = //*[contains(@class, 'login-container')]
2016-10-12 10:09:16,374 DEBUG WeeblyTest [main] Account already exists. Logging in...
2016-10-12 10:09:16,377 INFO WeeblyTest [main] testSignUp(SignUpTest)
2016-10-12 10:10:11,483 DEBUG WeeblyTest [main] Found element by Xpath = //*[@id='sign-up-button']
2016-10-12 10:10:11,648 DEBUG WeeblyTest [main] Found element by Xpath = //*[@id='overlay-signup-form-name']
2016-10-12 10:10:11,978 DEBUG WeeblyTest [main] Found element by Xpath = //*[@id='overlay-signup-form-email']
2016-10-12 10:10:12,147 DEBUG WeeblyTest [main] Found element by Xpath = //*[@id='overlay-signup-form-pass']
2016-10-12 10:10:12,285 DEBUG WeeblyTest [main] Found element by Xpath = //*[contains(@class, 'signup-form__submit signup-btn submit-btn')]
2016-10-12 10:10:17,526 ERROR WeeblyTest [main] testSignUp(SignUpTest)
org.openqa.selenium.TimeoutException: Expected condition failed: waiting for visibility of element located by By.xpath: //*[contains(@class, 'login-container')] (tried for 5 second(s) with 500 MILLISECONDS interval)
Build info: version: '3.0.0-beta4', revision: '3169782', time: '2016-09-29 10:30:04 -0700'
System info: host: 'alexanderbelltowne-weebly-mbp.local', ip: '10.123.142.1', os.name: 'Mac OS X', os.arch: 'x86_64', os.version: '10.11.6', java.version: '1.8.0_102'
Driver info: org.openqa.selenium.chrome.ChromeDriver
Capabilities [{applicationCacheEnabled=false, rotatable=false, mobileEmulationEnabled=false, networkConnectionEnabled=false, chrome={chromedriverVersion=2.24.417412 (ac882d3ce7c0d99292439bf3405780058fcca0a6), userDataDir=/var/folders/41/lcfk4ltd1blbgs9g6g5blwz00000gp/T/.org.chromium.Chromium.F0Cmiq}, takesHeapSnapshot=true, pageLoadStrategy=normal, databaseEnabled=false, handlesAlerts=true, hasTouchScreen=false, version=53.0.2785.143, platform=MAC, browserConnectionEnabled=false, nativeEvents=true, acceptSslCerts=true, locationContextEnabled=true, webStorageEnabled=true, browserName=chrome, takesScreenshot=true, javascriptEnabled=true, cssSelectorsEnabled=true}]
Session ID: 5daf60274c7550a3270047916cf4807a
	at org.openqa.selenium.support.ui.WebDriverWait.timeoutException(WebDriverWait.java:80) ~[selenium-support-3.0.0-beta4.jar:?]
	at org.openqa.selenium.support.ui.FluentWait.until(FluentWait.java:265) ~[selenium-support-3.0.0-beta4.jar:?]
	at WeeblyTest.getElement(WeeblyTest.java:49) ~[test-classes/:?]
	at SignUpTest.testSignUp(SignUpTest.java:33) ~[test-classes/:?]
	at sun.reflect.NativeMethodAccessorImpl.invoke0(Native Method) ~[?:1.8.0_102]
	at sun.reflect.NativeMethodAccessorImpl.invoke(NativeMethodAccessorImpl.java:62) ~[?:1.8.0_102]
	at sun.reflect.DelegatingMethodAccessorImpl.invoke(DelegatingMethodAccessorImpl.java:43) ~[?:1.8.0_102]
	at java.lang.reflect.Method.invoke(Method.java:498) ~[?:1.8.0_102]
	at org.junit.runners.model.FrameworkMethod$1.runReflectiveCall(FrameworkMethod.java:50) ~[junit-4.12.jar:4.12]
	at org.junit.internal.runners.model.ReflectiveCallable.run(ReflectiveCallable.java:12) ~[junit-4.12.jar:4.12]
	at org.junit.runners.model.FrameworkMethod.invokeExplosively(FrameworkMethod.java:47) ~[junit-4.12.jar:4.12]
	at org.junit.internal.runners.statements.InvokeMethod.evaluate(InvokeMethod.java:17) ~[junit-4.12.jar:4.12]
	at org.junit.rules.TestWatcher$1.evaluate(TestWatcher.java:55) [junit-4.12.jar:4.12]
	at org.junit.rules.RunRules.evaluate(RunRules.java:20) [junit-4.12.jar:4.12]
	at org.junit.runners.ParentRunner.runLeaf(ParentRunner.java:325) [junit-4.12.jar:4.12]
	at org.junit.runners.BlockJUnit4ClassRunner.runChild(BlockJUnit4ClassRunner.java:78) [junit-4.12.jar:4.12]
	at org.junit.runners.BlockJUnit4ClassRunner.runChild(BlockJUnit4ClassRunner.java:57) [junit-4.12.jar:4.12]
	at org.junit.runners.ParentRunner$3.run(ParentRunner.java:290) [junit-4.12.jar:4.12]
	at org.junit.runners.ParentRunner$1.schedule(ParentRunner.java:71) [junit-4.12.jar:4.12]
	at org.junit.runners.ParentRunner.runChildren(ParentRunner.java:288) [junit-4.12.jar:4.12]
	at org.junit.runners.ParentRunner.access$000(ParentRunner.java:58) [junit-4.12.jar:4.12]
	at org.junit.runners.ParentRunner$2.evaluate(ParentRunner.java:268) [junit-4.12.jar:4.12]
	at org.junit.runners.ParentRunner.run(ParentRunner.java:363) [junit-4.12.jar:4.12]
	at org.junit.runner.JUnitCore.run(JUnitCore.java:137) [junit-4.12.jar:4.12]
	at com.intellij.junit4.JUnit4IdeaTestRunner.startRunnerWithArgs(JUnit4IdeaTestRunner.java:117) [junit-rt.jar:?]
	at com.intellij.junit4.JUnit4IdeaTestRunner.startRunnerWithArgs(JUnit4IdeaTestRunner.java:42) [junit-rt.jar:?]
	at com.intellij.rt.execution.junit.JUnitStarter.prepareStreamsAndStart(JUnitStarter.java:262) [junit-rt.jar:?]
	at com.intellij.rt.execution.junit.JUnitStarter.main(JUnitStarter.java:84) [junit-rt.jar:?]
	at sun.reflect.NativeMethodAccessorImpl.invoke0(Native Method) ~[?:1.8.0_102]
	at sun.reflect.NativeMethodAccessorImpl.invoke(NativeMethodAccessorImpl.java:62) ~[?:1.8.0_102]
	at sun.reflect.DelegatingMethodAccessorImpl.invoke(DelegatingMethodAccessorImpl.java:43) ~[?:1.8.0_102]
	at java.lang.reflect.Method.invoke(Method.java:498) ~[?:1.8.0_102]
	at com.intellij.rt.execution.application.AppMain.main(AppMain.java:147) [idea_rt.jar:?]
Caused by: org.openqa.selenium.NoSuchElementException: no such element: Unable to locate element: {"method":"xpath","selector":"//*[contains(@class, 'login-container')]"}
  (Session info: chrome=53.0.2785.143)
  (Driver info: chromedriver=2.24.417412 (ac882d3ce7c0d99292439bf3405780058fcca0a6),platform=Mac OS X 10.11.6 x86_64) (WARNING: The server did not provide any stacktrace information)
Command duration or timeout: 11 milliseconds
For documentation on this error, please visit: http://seleniumhq.org/exceptions/no_such_element.html
Build info: version: '3.0.0-beta4', revision: '3169782', time: '2016-09-29 10:30:04 -0700'
System info: host: 'alexanderbelltowne-weebly-mbp.local', ip: '10.123.142.1', os.name: 'Mac OS X', os.arch: 'x86_64', os.version: '10.11.6', java.version: '1.8.0_102'
Driver info: org.openqa.selenium.chrome.ChromeDriver
Capabilities [{applicationCacheEnabled=false, rotatable=false, mobileEmulationEnabled=false, networkConnectionEnabled=false, chrome={chromedriverVersion=2.24.417412 (ac882d3ce7c0d99292439bf3405780058fcca0a6), userDataDir=/var/folders/41/lcfk4ltd1blbgs9g6g5blwz00000gp/T/.org.chromium.Chromium.F0Cmiq}, takesHeapSnapshot=true, pageLoadStrategy=normal, databaseEnabled=false, handlesAlerts=true, hasTouchScreen=false, version=53.0.2785.143, platform=MAC, browserConnectionEnabled=false, nativeEvents=true, acceptSslCerts=true, locationContextEnabled=true, webStorageEnabled=true, browserName=chrome, takesScreenshot=true, javascriptEnabled=true, cssSelectorsEnabled=true}]
Session ID: 5daf60274c7550a3270047916cf4807a
*** Element info: {Using=xpath, value=//*[contains(@class, 'login-container')]}
	at sun.reflect.NativeConstructorAccessorImpl.newInstance0(Native Method) ~[?:1.8.0_102]
	at sun.reflect.NativeConstructorAccessorImpl.newInstance(NativeConstructorAccessorImpl.java:62) ~[?:1.8.0_102]
	at sun.reflect.DelegatingConstructorAccessorImpl.newInstance(DelegatingConstructorAccessorImpl.java:45) ~[?:1.8.0_102]
	at java.lang.reflect.Constructor.newInstance(Constructor.java:423) ~[?:1.8.0_102]
	at org.openqa.selenium.remote.ErrorHandler.createThrowable(ErrorHandler.java:206) ~[selenium-remote-driver-3.0.0-beta4.jar:?]
	at org.openqa.selenium.remote.ErrorHandler.throwIfResponseFailed(ErrorHandler.java:158) ~[selenium-remote-driver-3.0.0-beta4.jar:?]
	at org.openqa.selenium.remote.RemoteWebDriver.execute(RemoteWebDriver.java:636) ~[selenium-remote-driver-3.0.0-beta4.jar:?]
	at org.openqa.selenium.remote.RemoteWebDriver.findElement(RemoteWebDriver.java:369) ~[selenium-remote-driver-3.0.0-beta4.jar:?]
	at org.openqa.selenium.remote.RemoteWebDriver.findElementByXPath(RemoteWebDriver.java:474) ~[selenium-remote-driver-3.0.0-beta4.jar:?]
	at org.openqa.selenium.By$ByXPath.findElement(By.java:361) ~[selenium-api-3.0.0-beta4.jar:?]
	at org.openqa.selenium.remote.RemoteWebDriver.findElement(RemoteWebDriver.java:361) ~[selenium-remote-driver-3.0.0-beta4.jar:?]
	at org.openqa.selenium.support.ui.ExpectedConditions.findElement(ExpectedConditions.java:895) ~[selenium-support-3.0.0-beta4.jar:?]
	at org.openqa.selenium.support.ui.ExpectedConditions.access$000(ExpectedConditions.java:41) ~[selenium-support-3.0.0-beta4.jar:?]
	at org.openqa.selenium.support.ui.ExpectedConditions$7.apply(ExpectedConditions.java:205) ~[selenium-support-3.0.0-beta4.jar:?]
	at org.openqa.selenium.support.ui.ExpectedConditions$7.apply(ExpectedConditions.java:201) ~[selenium-support-3.0.0-beta4.jar:?]
	at org.openqa.selenium.support.ui.FluentWait.until(FluentWait.java:238) ~[selenium-support-3.0.0-beta4.jar:?]
	... 31 more
2016-10-12 10:11:16,040 DEBUG WeeblyTest [main] Found element by Xpath = //*[@id='sign-up-button']
2016-10-12 10:11:16,209 DEBUG WeeblyTest [main] Found element by Xpath = //*[@id='overlay-signup-form-name']
2016-10-12 10:11:16,593 DEBUG WeeblyTest [main] Found element by Xpath = //*[@id='overlay-signup-form-email']
2016-10-12 10:11:16,756 DEBUG WeeblyTest [main] Found element by Xpath = //*[@id='overlay-signup-form-pass']
2016-10-12 10:11:16,939 DEBUG WeeblyTest [main] Found element by Xpath = //*[contains(@class, 'signup-form__submit signup-btn submit-btn')]
2016-10-12 10:11:22,857 ERROR WeeblyTest [main] testSignUp(SignUpTest)
org.openqa.selenium.TimeoutException: Expected condition failed: waiting for visibility of element located by By.xpath: //*[contains(@class, 'login-container')] (tried for 5 second(s) with 500 MILLISECONDS interval)
Build info: version: '3.0.0-beta4', revision: '3169782', time: '2016-09-29 10:30:04 -0700'
System info: host: 'alexanderbelltowne-weebly-mbp.local', ip: '10.123.142.1', os.name: 'Mac OS X', os.arch: 'x86_64', os.version: '10.11.6', java.version: '1.8.0_102'
Driver info: org.openqa.selenium.chrome.ChromeDriver
Capabilities [{applicationCacheEnabled=false, rotatable=false, mobileEmulationEnabled=false, networkConnectionEnabled=false, chrome={chromedriverVersion=2.24.417412 (ac882d3ce7c0d99292439bf3405780058fcca0a6), userDataDir=/var/folders/41/lcfk4ltd1blbgs9g6g5blwz00000gp/T/.org.chromium.Chromium.SubFPI}, takesHeapSnapshot=true, pageLoadStrategy=normal, databaseEnabled=false, handlesAlerts=true, hasTouchScreen=false, version=53.0.2785.143, platform=MAC, browserConnectionEnabled=false, nativeEvents=true, acceptSslCerts=true, locationContextEnabled=true, webStorageEnabled=true, browserName=chrome, takesScreenshot=true, javascriptEnabled=true, cssSelectorsEnabled=true}]
Session ID: a74a9ef95b8b86597d11ef08490111d9
	at org.openqa.selenium.support.ui.WebDriverWait.timeoutException(WebDriverWait.java:80) ~[selenium-support-3.0.0-beta4.jar:?]
	at org.openqa.selenium.support.ui.FluentWait.until(FluentWait.java:265) ~[selenium-support-3.0.0-beta4.jar:?]
	at WeeblyTest.getElement(WeeblyTest.java:49) ~[test-classes/:?]
	at SignUpTest.testSignUp(SignUpTest.java:33) ~[test-classes/:?]
	at sun.reflect.NativeMethodAccessorImpl.invoke0(Native Method) ~[?:1.8.0_102]
	at sun.reflect.NativeMethodAccessorImpl.invoke(NativeMethodAccessorImpl.java:62) ~[?:1.8.0_102]
	at sun.reflect.DelegatingMethodAccessorImpl.invoke(DelegatingMethodAccessorImpl.java:43) ~[?:1.8.0_102]
	at java.lang.reflect.Method.invoke(Method.java:498) ~[?:1.8.0_102]
	at org.junit.runners.model.FrameworkMethod$1.runReflectiveCall(FrameworkMethod.java:50) ~[junit-4.12.jar:4.12]
	at org.junit.internal.runners.model.ReflectiveCallable.run(ReflectiveCallable.java:12) ~[junit-4.12.jar:4.12]
	at org.junit.runners.model.FrameworkMethod.invokeExplosively(FrameworkMethod.java:47) ~[junit-4.12.jar:4.12]
	at org.junit.internal.runners.statements.InvokeMethod.evaluate(InvokeMethod.java:17) ~[junit-4.12.jar:4.12]
	at org.junit.rules.TestWatcher$1.evaluate(TestWatcher.java:55) [junit-4.12.jar:4.12]
	at org.junit.rules.RunRules.evaluate(RunRules.java:20) [junit-4.12.jar:4.12]
	at org.junit.runners.ParentRunner.runLeaf(ParentRunner.java:325) [junit-4.12.jar:4.12]
	at org.junit.runners.BlockJUnit4ClassRunner.runChild(BlockJUnit4ClassRunner.java:78) [junit-4.12.jar:4.12]
	at org.junit.runners.BlockJUnit4ClassRunner.runChild(BlockJUnit4ClassRunner.java:57) [junit-4.12.jar:4.12]
	at org.junit.runners.ParentRunner$3.run(ParentRunner.java:290) [junit-4.12.jar:4.12]
	at org.junit.runners.ParentRunner$1.schedule(ParentRunner.java:71) [junit-4.12.jar:4.12]
	at org.junit.runners.ParentRunner.runChildren(ParentRunner.java:288) [junit-4.12.jar:4.12]
	at org.junit.runners.ParentRunner.access$000(ParentRunner.java:58) [junit-4.12.jar:4.12]
	at org.junit.runners.ParentRunner$2.evaluate(ParentRunner.java:268) [junit-4.12.jar:4.12]
	at org.junit.runners.ParentRunner.run(ParentRunner.java:363) [junit-4.12.jar:4.12]
	at org.junit.runner.JUnitCore.run(JUnitCore.java:137) [junit-4.12.jar:4.12]
	at com.intellij.junit4.JUnit4IdeaTestRunner.startRunnerWithArgs(JUnit4IdeaTestRunner.java:117) [junit-rt.jar:?]
	at com.intellij.junit4.JUnit4IdeaTestRunner.startRunnerWithArgs(JUnit4IdeaTestRunner.java:42) [junit-rt.jar:?]
	at com.intellij.rt.execution.junit.JUnitStarter.prepareStreamsAndStart(JUnitStarter.java:262) [junit-rt.jar:?]
	at com.intellij.rt.execution.junit.JUnitStarter.main(JUnitStarter.java:84) [junit-rt.jar:?]
	at sun.reflect.NativeMethodAccessorImpl.invoke0(Native Method) ~[?:1.8.0_102]
	at sun.reflect.NativeMethodAccessorImpl.invoke(NativeMethodAccessorImpl.java:62) ~[?:1.8.0_102]
	at sun.reflect.DelegatingMethodAccessorImpl.invoke(DelegatingMethodAccessorImpl.java:43) ~[?:1.8.0_102]
	at java.lang.reflect.Method.invoke(Method.java:498) ~[?:1.8.0_102]
	at com.intellij.rt.execution.application.AppMain.main(AppMain.java:147) [idea_rt.jar:?]
Caused by: org.openqa.selenium.NoSuchElementException: no such element: Unable to locate element: {"method":"xpath","selector":"//*[contains(@class, 'login-container')]"}
  (Session info: chrome=53.0.2785.143)
  (Driver info: chromedriver=2.24.417412 (ac882d3ce7c0d99292439bf3405780058fcca0a6),platform=Mac OS X 10.11.6 x86_64) (WARNING: The server did not provide any stacktrace information)
Command duration or timeout: 3.76 seconds
For documentation on this error, please visit: http://seleniumhq.org/exceptions/no_such_element.html
Build info: version: '3.0.0-beta4', revision: '3169782', time: '2016-09-29 10:30:04 -0700'
System info: host: 'alexanderbelltowne-weebly-mbp.local', ip: '10.123.142.1', os.name: 'Mac OS X', os.arch: 'x86_64', os.version: '10.11.6', java.version: '1.8.0_102'
Driver info: org.openqa.selenium.chrome.ChromeDriver
Capabilities [{applicationCacheEnabled=false, rotatable=false, mobileEmulationEnabled=false, networkConnectionEnabled=false, chrome={chromedriverVersion=2.24.417412 (ac882d3ce7c0d99292439bf3405780058fcca0a6), userDataDir=/var/folders/41/lcfk4ltd1blbgs9g6g5blwz00000gp/T/.org.chromium.Chromium.SubFPI}, takesHeapSnapshot=true, pageLoadStrategy=normal, databaseEnabled=false, handlesAlerts=true, hasTouchScreen=false, version=53.0.2785.143, platform=MAC, browserConnectionEnabled=false, nativeEvents=true, acceptSslCerts=true, locationContextEnabled=true, webStorageEnabled=true, browserName=chrome, takesScreenshot=true, javascriptEnabled=true, cssSelectorsEnabled=true}]
Session ID: a74a9ef95b8b86597d11ef08490111d9
*** Element info: {Using=xpath, value=//*[contains(@class, 'login-container')]}
	at sun.reflect.NativeConstructorAccessorImpl.newInstance0(Native Method) ~[?:1.8.0_102]
	at sun.reflect.NativeConstructorAccessorImpl.newInstance(NativeConstructorAccessorImpl.java:62) ~[?:1.8.0_102]
	at sun.reflect.DelegatingConstructorAccessorImpl.newInstance(DelegatingConstructorAccessorImpl.java:45) ~[?:1.8.0_102]
	at java.lang.reflect.Constructor.newInstance(Constructor.java:423) ~[?:1.8.0_102]
	at org.openqa.selenium.remote.ErrorHandler.createThrowable(ErrorHandler.java:206) ~[selenium-remote-driver-3.0.0-beta4.jar:?]
	at org.openqa.selenium.remote.ErrorHandler.throwIfResponseFailed(ErrorHandler.java:158) ~[selenium-remote-driver-3.0.0-beta4.jar:?]
	at org.openqa.selenium.remote.RemoteWebDriver.execute(RemoteWebDriver.java:636) ~[selenium-remote-driver-3.0.0-beta4.jar:?]
	at org.openqa.selenium.remote.RemoteWebDriver.findElement(RemoteWebDriver.java:369) ~[selenium-remote-driver-3.0.0-beta4.jar:?]
	at org.openqa.selenium.remote.RemoteWebDriver.findElementByXPath(RemoteWebDriver.java:474) ~[selenium-remote-driver-3.0.0-beta4.jar:?]
	at org.openqa.selenium.By$ByXPath.findElement(By.java:361) ~[selenium-api-3.0.0-beta4.jar:?]
	at org.openqa.selenium.remote.RemoteWebDriver.findElement(RemoteWebDriver.java:361) ~[selenium-remote-driver-3.0.0-beta4.jar:?]
	at org.openqa.selenium.support.ui.ExpectedConditions.findElement(ExpectedConditions.java:895) ~[selenium-support-3.0.0-beta4.jar:?]
	at org.openqa.selenium.support.ui.ExpectedConditions.access$000(ExpectedConditions.java:41) ~[selenium-support-3.0.0-beta4.jar:?]
	at org.openqa.selenium.support.ui.ExpectedConditions$7.apply(ExpectedConditions.java:205) ~[selenium-support-3.0.0-beta4.jar:?]
	at org.openqa.selenium.support.ui.ExpectedConditions$7.apply(ExpectedConditions.java:201) ~[selenium-support-3.0.0-beta4.jar:?]
	at org.openqa.selenium.support.ui.FluentWait.until(FluentWait.java:238) ~[selenium-support-3.0.0-beta4.jar:?]
	... 31 more
2016-10-12 10:23:42,474 DEBUG WeeblyTest [main] Found element by Xpath = //*[@id='sign-up-button']
2016-10-12 10:23:42,624 DEBUG WeeblyTest [main] Found element by Xpath = //*[@id='overlay-signup-form-name']
2016-10-12 10:23:42,749 DEBUG WeeblyTest [main] Found element by Xpath = //*[@id='overlay-signup-form-email']
2016-10-12 10:23:42,881 DEBUG WeeblyTest [main] Found element by Xpath = //*[@id='overlay-signup-form-pass']
2016-10-12 10:23:43,056 DEBUG WeeblyTest [main] Found element by Xpath = //*[contains(@class, 'signup-form__submit signup-btn submit-btn')]
2016-10-12 10:23:48,550 DEBUG WeeblyTest [main] Found element by Xpath = //*[@id='choose-theme-heading']
2016-10-12 10:23:48,558 DEBUG WeeblyTest [main] New account created.
2016-10-12 10:23:48,560 INFO WeeblyTest [main] testSignUp(SignUpTest)
2016-10-12 10:29:11,641 DEBUG WeeblyTest [main] Found element by Xpath = //*[@id='sign-up-button']
2016-10-12 10:29:12,300 DEBUG WeeblyTest [main] Found element by Xpath = //*[@id='overlay-signup-form-name']
2016-10-12 10:29:12,399 DEBUG WeeblyTest [main] Found element by Xpath = //*[@id='overlay-signup-form-email']
2016-10-12 10:29:12,501 DEBUG WeeblyTest [main] Found element by Xpath = //*[@id='overlay-signup-form-pass']
2016-10-12 10:29:12,635 DEBUG WeeblyTest [main] Found element by Xpath = //*[contains(@class, 'signup-form__submit signup-btn submit-btn')]
2016-10-12 10:29:19,411 DEBUG WeeblyTest [main] Found element by Xpath = //*[@id='choose-theme-heading']
2016-10-12 10:29:19,417 DEBUG WeeblyTest [main] New account created.
2016-10-12 10:29:24,632 ERROR WeeblyTest [main] testSignUp(SignUpTest)
org.openqa.selenium.TimeoutException: Expected condition failed: waiting for visibility of element located by By.xpath: //*[contains(@class, 'card__menu-link')] (tried for 5 second(s) with 500 MILLISECONDS interval)
Build info: version: '3.0.0-beta4', revision: '3169782', time: '2016-09-29 10:30:04 -0700'
System info: host: 'alexanderbelltowne-weebly-mbp.local', ip: '10.123.142.1', os.name: 'Mac OS X', os.arch: 'x86_64', os.version: '10.11.6', java.version: '1.8.0_102'
Driver info: org.openqa.selenium.chrome.ChromeDriver
Capabilities [{applicationCacheEnabled=false, rotatable=false, mobileEmulationEnabled=false, networkConnectionEnabled=false, chrome={chromedriverVersion=2.24.417412 (ac882d3ce7c0d99292439bf3405780058fcca0a6), userDataDir=/var/folders/41/lcfk4ltd1blbgs9g6g5blwz00000gp/T/.org.chromium.Chromium.xLWLxI}, takesHeapSnapshot=true, pageLoadStrategy=normal, databaseEnabled=false, handlesAlerts=true, hasTouchScreen=false, version=53.0.2785.143, platform=MAC, browserConnectionEnabled=false, nativeEvents=true, acceptSslCerts=true, locationContextEnabled=true, webStorageEnabled=true, browserName=chrome, takesScreenshot=true, javascriptEnabled=true, cssSelectorsEnabled=true}]
Session ID: cf721970ff570ca4e97da29f9b2b9296
	at org.openqa.selenium.support.ui.WebDriverWait.timeoutException(WebDriverWait.java:80) ~[selenium-support-3.0.0-beta4.jar:?]
	at org.openqa.selenium.support.ui.FluentWait.until(FluentWait.java:265) ~[selenium-support-3.0.0-beta4.jar:?]
	at WeeblyTest.getElement(WeeblyTest.java:49) ~[test-classes/:?]
	at SignUpTest.testSignUp(SignUpTest.java:48) ~[test-classes/:?]
	at sun.reflect.NativeMethodAccessorImpl.invoke0(Native Method) ~[?:1.8.0_102]
	at sun.reflect.NativeMethodAccessorImpl.invoke(NativeMethodAccessorImpl.java:62) ~[?:1.8.0_102]
	at sun.reflect.DelegatingMethodAccessorImpl.invoke(DelegatingMethodAccessorImpl.java:43) ~[?:1.8.0_102]
	at java.lang.reflect.Method.invoke(Method.java:498) ~[?:1.8.0_102]
	at org.junit.runners.model.FrameworkMethod$1.runReflectiveCall(FrameworkMethod.java:50) ~[junit-4.12.jar:4.12]
	at org.junit.internal.runners.model.ReflectiveCallable.run(ReflectiveCallable.java:12) ~[junit-4.12.jar:4.12]
	at org.junit.runners.model.FrameworkMethod.invokeExplosively(FrameworkMethod.java:47) ~[junit-4.12.jar:4.12]
	at org.junit.internal.runners.statements.InvokeMethod.evaluate(InvokeMethod.java:17) ~[junit-4.12.jar:4.12]
	at org.junit.rules.TestWatcher$1.evaluate(TestWatcher.java:55) [junit-4.12.jar:4.12]
	at org.junit.rules.RunRules.evaluate(RunRules.java:20) [junit-4.12.jar:4.12]
	at org.junit.runners.ParentRunner.runLeaf(ParentRunner.java:325) [junit-4.12.jar:4.12]
	at org.junit.runners.BlockJUnit4ClassRunner.runChild(BlockJUnit4ClassRunner.java:78) [junit-4.12.jar:4.12]
	at org.junit.runners.BlockJUnit4ClassRunner.runChild(BlockJUnit4ClassRunner.java:57) [junit-4.12.jar:4.12]
	at org.junit.runners.ParentRunner$3.run(ParentRunner.java:290) [junit-4.12.jar:4.12]
	at org.junit.runners.ParentRunner$1.schedule(ParentRunner.java:71) [junit-4.12.jar:4.12]
	at org.junit.runners.ParentRunner.runChildren(ParentRunner.java:288) [junit-4.12.jar:4.12]
	at org.junit.runners.ParentRunner.access$000(ParentRunner.java:58) [junit-4.12.jar:4.12]
	at org.junit.runners.ParentRunner$2.evaluate(ParentRunner.java:268) [junit-4.12.jar:4.12]
	at org.junit.runners.ParentRunner.run(ParentRunner.java:363) [junit-4.12.jar:4.12]
	at org.junit.runner.JUnitCore.run(JUnitCore.java:137) [junit-4.12.jar:4.12]
	at com.intellij.junit4.JUnit4IdeaTestRunner.startRunnerWithArgs(JUnit4IdeaTestRunner.java:117) [junit-rt.jar:?]
	at com.intellij.junit4.JUnit4IdeaTestRunner.startRunnerWithArgs(JUnit4IdeaTestRunner.java:42) [junit-rt.jar:?]
	at com.intellij.rt.execution.junit.JUnitStarter.prepareStreamsAndStart(JUnitStarter.java:262) [junit-rt.jar:?]
	at com.intellij.rt.execution.junit.JUnitStarter.main(JUnitStarter.java:84) [junit-rt.jar:?]
	at sun.reflect.NativeMethodAccessorImpl.invoke0(Native Method) ~[?:1.8.0_102]
	at sun.reflect.NativeMethodAccessorImpl.invoke(NativeMethodAccessorImpl.java:62) ~[?:1.8.0_102]
	at sun.reflect.DelegatingMethodAccessorImpl.invoke(DelegatingMethodAccessorImpl.java:43) ~[?:1.8.0_102]
	at java.lang.reflect.Method.invoke(Method.java:498) ~[?:1.8.0_102]
	at com.intellij.rt.execution.application.AppMain.main(AppMain.java:147) [idea_rt.jar:?]
2016-10-12 10:38:00,068 DEBUG WeeblyTest [main] Found element by Xpath = //*[@id='sign-up-button']
2016-10-12 10:38:00,210 DEBUG WeeblyTest [main] Found element by Xpath = //*[@id='overlay-signup-form-name']
2016-10-12 10:38:00,452 DEBUG WeeblyTest [main] Found element by Xpath = //*[@id='overlay-signup-form-email']
2016-10-12 10:38:00,612 DEBUG WeeblyTest [main] Found element by Xpath = //*[@id='overlay-signup-form-pass']
2016-10-12 10:38:00,755 DEBUG WeeblyTest [main] Found element by Xpath = //*[contains(@class, 'signup-form__submit signup-btn submit-btn')]
2016-10-12 10:38:05,074 DEBUG WeeblyTest [main] Found element by Xpath = //*[@id='choose-theme-heading']
2016-10-12 10:38:05,081 DEBUG WeeblyTest [main] New account created.
2016-10-12 10:38:05,108 DEBUG WeeblyTest [main] Found element by Xpath = //*[@id='w-theme-list']/li[1]/div/div[1]
2016-10-12 10:38:10,326 ERROR WeeblyTest [main] testSignUp(SignUpTest)
org.openqa.selenium.TimeoutException: Expected condition failed: waiting for visibility of element located by By.xpath: //*[@id="w-theme-list"]/li[1]/div/div[2]/div/div[2]/a (tried for 5 second(s) with 500 MILLISECONDS interval)
Build info: version: '3.0.0-beta4', revision: '3169782', time: '2016-09-29 10:30:04 -0700'
System info: host: 'alexanderbelltowne-weebly-mbp.local', ip: '10.123.142.1', os.name: 'Mac OS X', os.arch: 'x86_64', os.version: '10.11.6', java.version: '1.8.0_102'
Driver info: org.openqa.selenium.chrome.ChromeDriver
Capabilities [{applicationCacheEnabled=false, rotatable=false, mobileEmulationEnabled=false, networkConnectionEnabled=false, chrome={chromedriverVersion=2.24.417412 (ac882d3ce7c0d99292439bf3405780058fcca0a6), userDataDir=/var/folders/41/lcfk4ltd1blbgs9g6g5blwz00000gp/T/.org.chromium.Chromium.7p0Jpj}, takesHeapSnapshot=true, pageLoadStrategy=normal, databaseEnabled=false, handlesAlerts=true, hasTouchScreen=false, version=53.0.2785.143, platform=MAC, browserConnectionEnabled=false, nativeEvents=true, acceptSslCerts=true, locationContextEnabled=true, webStorageEnabled=true, browserName=chrome, takesScreenshot=true, javascriptEnabled=true, cssSelectorsEnabled=true}]
Session ID: 434be798b5795c81da65f8483673afba
	at org.openqa.selenium.support.ui.WebDriverWait.timeoutException(WebDriverWait.java:80) ~[selenium-support-3.0.0-beta4.jar:?]
	at org.openqa.selenium.support.ui.FluentWait.until(FluentWait.java:265) ~[selenium-support-3.0.0-beta4.jar:?]
	at WeeblyTest.getElement(WeeblyTest.java:49) ~[test-classes/:?]
	at SignUpTest.testSignUp(SignUpTest.java:53) ~[test-classes/:?]
	at sun.reflect.NativeMethodAccessorImpl.invoke0(Native Method) ~[?:1.8.0_102]
	at sun.reflect.NativeMethodAccessorImpl.invoke(NativeMethodAccessorImpl.java:62) ~[?:1.8.0_102]
	at sun.reflect.DelegatingMethodAccessorImpl.invoke(DelegatingMethodAccessorImpl.java:43) ~[?:1.8.0_102]
	at java.lang.reflect.Method.invoke(Method.java:498) ~[?:1.8.0_102]
	at org.junit.runners.model.FrameworkMethod$1.runReflectiveCall(FrameworkMethod.java:50) ~[junit-4.12.jar:4.12]
	at org.junit.internal.runners.model.ReflectiveCallable.run(ReflectiveCallable.java:12) ~[junit-4.12.jar:4.12]
	at org.junit.runners.model.FrameworkMethod.invokeExplosively(FrameworkMethod.java:47) ~[junit-4.12.jar:4.12]
	at org.junit.internal.runners.statements.InvokeMethod.evaluate(InvokeMethod.java:17) ~[junit-4.12.jar:4.12]
	at org.junit.rules.TestWatcher$1.evaluate(TestWatcher.java:55) [junit-4.12.jar:4.12]
	at org.junit.rules.RunRules.evaluate(RunRules.java:20) [junit-4.12.jar:4.12]
	at org.junit.runners.ParentRunner.runLeaf(ParentRunner.java:325) [junit-4.12.jar:4.12]
	at org.junit.runners.BlockJUnit4ClassRunner.runChild(BlockJUnit4ClassRunner.java:78) [junit-4.12.jar:4.12]
	at org.junit.runners.BlockJUnit4ClassRunner.runChild(BlockJUnit4ClassRunner.java:57) [junit-4.12.jar:4.12]
	at org.junit.runners.ParentRunner$3.run(ParentRunner.java:290) [junit-4.12.jar:4.12]
	at org.junit.runners.ParentRunner$1.schedule(ParentRunner.java:71) [junit-4.12.jar:4.12]
	at org.junit.runners.ParentRunner.runChildren(ParentRunner.java:288) [junit-4.12.jar:4.12]
	at org.junit.runners.ParentRunner.access$000(ParentRunner.java:58) [junit-4.12.jar:4.12]
	at org.junit.runners.ParentRunner$2.evaluate(ParentRunner.java:268) [junit-4.12.jar:4.12]
	at org.junit.runners.ParentRunner.run(ParentRunner.java:363) [junit-4.12.jar:4.12]
	at org.junit.runner.JUnitCore.run(JUnitCore.java:137) [junit-4.12.jar:4.12]
	at com.intellij.junit4.JUnit4IdeaTestRunner.startRunnerWithArgs(JUnit4IdeaTestRunner.java:117) [junit-rt.jar:?]
	at com.intellij.junit4.JUnit4IdeaTestRunner.startRunnerWithArgs(JUnit4IdeaTestRunner.java:42) [junit-rt.jar:?]
	at com.intellij.rt.execution.junit.JUnitStarter.prepareStreamsAndStart(JUnitStarter.java:262) [junit-rt.jar:?]
	at com.intellij.rt.execution.junit.JUnitStarter.main(JUnitStarter.java:84) [junit-rt.jar:?]
	at sun.reflect.NativeMethodAccessorImpl.invoke0(Native Method) ~[?:1.8.0_102]
	at sun.reflect.NativeMethodAccessorImpl.invoke(NativeMethodAccessorImpl.java:62) ~[?:1.8.0_102]
	at sun.reflect.DelegatingMethodAccessorImpl.invoke(DelegatingMethodAccessorImpl.java:43) ~[?:1.8.0_102]
	at java.lang.reflect.Method.invoke(Method.java:498) ~[?:1.8.0_102]
	at com.intellij.rt.execution.application.AppMain.main(AppMain.java:147) [idea_rt.jar:?]
2016-10-12 10:40:46,019 DEBUG WeeblyTest [main] Found element by Xpath = //*[@id='sign-up-button']
2016-10-12 10:40:46,155 DEBUG WeeblyTest [main] Found element by Xpath = //*[@id='overlay-signup-form-name']
2016-10-12 10:40:46,362 DEBUG WeeblyTest [main] Found element by Xpath = //*[@id='overlay-signup-form-email']
2016-10-12 10:40:46,535 DEBUG WeeblyTest [main] Found element by Xpath = //*[@id='overlay-signup-form-pass']
2016-10-12 10:40:46,697 DEBUG WeeblyTest [main] Found element by Xpath = //*[contains(@class, 'signup-form__submit signup-btn submit-btn')]
2016-10-12 10:40:52,241 DEBUG WeeblyTest [main] Found element by Xpath = //*[@id='choose-theme-heading']
2016-10-12 10:40:52,264 DEBUG WeeblyTest [main] New account created.
2016-10-12 10:40:52,299 DEBUG WeeblyTest [main] Found element by Xpath = //*[@id='w-theme-list']/li[1]/div/div[1]
2016-10-12 10:40:52,874 DEBUG WeeblyTest [main] Found element by Xpath = //*[@id="w-theme-list"]/li[1]/div/div[2]/div/div[2]/a
2016-10-12 10:40:52,913 INFO WeeblyTest [main] testSignUp(SignUpTest)
2016-10-12 10:53:36,530 DEBUG WeeblyTest [main] Found element by Xpath = //*[@id='sign-up-button']
2016-10-12 10:53:36,670 DEBUG WeeblyTest [main] Found element by Xpath = //*[@id='overlay-signup-form-name']
2016-10-12 10:53:36,872 DEBUG WeeblyTest [main] Found element by Xpath = //*[@id='overlay-signup-form-email']
2016-10-12 10:53:37,030 DEBUG WeeblyTest [main] Found element by Xpath = //*[@id='overlay-signup-form-pass']
2016-10-12 10:53:37,165 DEBUG WeeblyTest [main] Found element by Xpath = //*[contains(@class, 'signup-form__submit signup-btn submit-btn')]
2016-10-12 10:53:41,703 DEBUG WeeblyTest [main] Found element by Xpath = //*[@id='choose-theme-heading']
2016-10-12 10:53:41,710 DEBUG WeeblyTest [main] New account created.
2016-10-12 10:53:41,740 DEBUG WeeblyTest [main] Found element by Xpath = //*[@id='w-theme-list']/li[1]/div/div[1]
2016-10-12 10:53:41,809 DEBUG WeeblyTest [main] Found element by Xpath = //*[@id="w-theme-list"]/li[1]/div/div[2]/div/div[2]/a
2016-10-12 10:53:51,259 ERROR WeeblyTest [main] testSignUp(SignUpTest)
java.lang.AssertionError: Theme could not be created.
	at org.junit.Assert.fail(Assert.java:88) ~[junit-4.12.jar:4.12]
	at org.junit.Assert.assertTrue(Assert.java:41) ~[junit-4.12.jar:4.12]
	at SignUpTest.testSignUp(SignUpTest.java:61) ~[test-classes/:?]
	at sun.reflect.NativeMethodAccessorImpl.invoke0(Native Method) ~[?:1.8.0_102]
	at sun.reflect.NativeMethodAccessorImpl.invoke(NativeMethodAccessorImpl.java:62) ~[?:1.8.0_102]
	at sun.reflect.DelegatingMethodAccessorImpl.invoke(DelegatingMethodAccessorImpl.java:43) ~[?:1.8.0_102]
	at java.lang.reflect.Method.invoke(Method.java:498) ~[?:1.8.0_102]
	at org.junit.runners.model.FrameworkMethod$1.runReflectiveCall(FrameworkMethod.java:50) ~[junit-4.12.jar:4.12]
	at org.junit.internal.runners.model.ReflectiveCallable.run(ReflectiveCallable.java:12) ~[junit-4.12.jar:4.12]
	at org.junit.runners.model.FrameworkMethod.invokeExplosively(FrameworkMethod.java:47) ~[junit-4.12.jar:4.12]
	at org.junit.internal.runners.statements.InvokeMethod.evaluate(InvokeMethod.java:17) ~[junit-4.12.jar:4.12]
	at org.junit.rules.TestWatcher$1.evaluate(TestWatcher.java:55) [junit-4.12.jar:4.12]
	at org.junit.rules.RunRules.evaluate(RunRules.java:20) [junit-4.12.jar:4.12]
	at org.junit.runners.ParentRunner.runLeaf(ParentRunner.java:325) [junit-4.12.jar:4.12]
	at org.junit.runners.BlockJUnit4ClassRunner.runChild(BlockJUnit4ClassRunner.java:78) [junit-4.12.jar:4.12]
	at org.junit.runners.BlockJUnit4ClassRunner.runChild(BlockJUnit4ClassRunner.java:57) [junit-4.12.jar:4.12]
	at org.junit.runners.ParentRunner$3.run(ParentRunner.java:290) [junit-4.12.jar:4.12]
	at org.junit.runners.ParentRunner$1.schedule(ParentRunner.java:71) [junit-4.12.jar:4.12]
	at org.junit.runners.ParentRunner.runChildren(ParentRunner.java:288) [junit-4.12.jar:4.12]
	at org.junit.runners.ParentRunner.access$000(ParentRunner.java:58) [junit-4.12.jar:4.12]
	at org.junit.runners.ParentRunner$2.evaluate(ParentRunner.java:268) [junit-4.12.jar:4.12]
	at org.junit.runners.ParentRunner.run(ParentRunner.java:363) [junit-4.12.jar:4.12]
	at org.junit.runner.JUnitCore.run(JUnitCore.java:137) [junit-4.12.jar:4.12]
	at com.intellij.junit4.JUnit4IdeaTestRunner.startRunnerWithArgs(JUnit4IdeaTestRunner.java:117) [junit-rt.jar:?]
	at com.intellij.junit4.JUnit4IdeaTestRunner.startRunnerWithArgs(JUnit4IdeaTestRunner.java:42) [junit-rt.jar:?]
	at com.intellij.rt.execution.junit.JUnitStarter.prepareStreamsAndStart(JUnitStarter.java:262) [junit-rt.jar:?]
	at com.intellij.rt.execution.junit.JUnitStarter.main(JUnitStarter.java:84) [junit-rt.jar:?]
	at sun.reflect.NativeMethodAccessorImpl.invoke0(Native Method) ~[?:1.8.0_102]
	at sun.reflect.NativeMethodAccessorImpl.invoke(NativeMethodAccessorImpl.java:62) ~[?:1.8.0_102]
	at sun.reflect.DelegatingMethodAccessorImpl.invoke(DelegatingMethodAccessorImpl.java:43) ~[?:1.8.0_102]
	at java.lang.reflect.Method.invoke(Method.java:498) ~[?:1.8.0_102]
	at com.intellij.rt.execution.application.AppMain.main(AppMain.java:147) [idea_rt.jar:?]
2016-10-12 10:55:36,929 DEBUG WeeblyTest [main] Found element by Xpath = //*[@id='sign-up-button']
2016-10-12 10:55:37,087 DEBUG WeeblyTest [main] Found element by Xpath = //*[@id='overlay-signup-form-name']
2016-10-12 10:55:37,362 DEBUG WeeblyTest [main] Found element by Xpath = //*[@id='overlay-signup-form-email']
2016-10-12 10:55:37,490 DEBUG WeeblyTest [main] Found element by Xpath = //*[@id='overlay-signup-form-pass']
2016-10-12 10:55:37,672 DEBUG WeeblyTest [main] Found element by Xpath = //*[contains(@class, 'signup-form__submit signup-btn submit-btn')]
2016-10-12 10:55:42,006 DEBUG WeeblyTest [main] Found element by Xpath = //*[@id='choose-theme-heading']
2016-10-12 10:55:42,015 DEBUG WeeblyTest [main] New account created.
2016-10-12 10:55:42,049 DEBUG WeeblyTest [main] Found element by Xpath = //*[@id='w-theme-list']/li[1]/div/div[1]
2016-10-12 10:55:42,114 DEBUG WeeblyTest [main] Found element by Xpath = //*[@id="w-theme-list"]/li[1]/div/div[2]/div/div[2]/a
2016-10-12 10:55:52,468 DEBUG WeeblyTest [main] Found element by Xpath = //*[@id='chooseDomain']
2016-10-12 10:55:52,476 DEBUG WeeblyTest [main] Theme selected.
2016-10-12 10:55:52,505 DEBUG WeeblyTest [main] Found element by Xpath = //*[@id='weeblyDomain']
2016-10-12 10:55:52,681 INFO WeeblyTest [main] testSignUp(SignUpTest)
2016-10-12 10:58:43,382 DEBUG WeeblyTest [main] Found element by Xpath = //*[@id='sign-up-button']
2016-10-12 10:58:43,526 DEBUG WeeblyTest [main] Found element by Xpath = //*[@id='overlay-signup-form-name']
2016-10-12 10:58:43,812 DEBUG WeeblyTest [main] Found element by Xpath = //*[@id='overlay-signup-form-email']
2016-10-12 10:58:43,943 DEBUG WeeblyTest [main] Found element by Xpath = //*[@id='overlay-signup-form-pass']
2016-10-12 10:58:44,090 DEBUG WeeblyTest [main] Found element by Xpath = //*[contains(@class, 'signup-form__submit signup-btn submit-btn')]
2016-10-12 10:58:48,348 DEBUG WeeblyTest [main] Found element by Xpath = //*[@id='choose-theme-heading']
2016-10-12 10:58:48,357 DEBUG WeeblyTest [main] New account created.
2016-10-12 10:58:48,387 DEBUG WeeblyTest [main] Found element by Xpath = //*[@id='w-theme-list']/li[1]/div/div[1]
2016-10-12 10:58:48,955 DEBUG WeeblyTest [main] Found element by Xpath = //*[@id="w-theme-list"]/li[1]/div/div[2]/div/div[2]/a
2016-10-12 10:58:59,858 ERROR WeeblyTest [main] testSignUp(SignUpTest)
java.lang.AssertionError: Theme could not be created.
	at org.junit.Assert.fail(Assert.java:88) ~[junit-4.12.jar:4.12]
	at org.junit.Assert.assertTrue(Assert.java:41) ~[junit-4.12.jar:4.12]
	at SignUpTest.testSignUp(SignUpTest.java:61) ~[test-classes/:?]
	at sun.reflect.NativeMethodAccessorImpl.invoke0(Native Method) ~[?:1.8.0_102]
	at sun.reflect.NativeMethodAccessorImpl.invoke(NativeMethodAccessorImpl.java:62) ~[?:1.8.0_102]
	at sun.reflect.DelegatingMethodAccessorImpl.invoke(DelegatingMethodAccessorImpl.java:43) ~[?:1.8.0_102]
	at java.lang.reflect.Method.invoke(Method.java:498) ~[?:1.8.0_102]
	at org.junit.runners.model.FrameworkMethod$1.runReflectiveCall(FrameworkMethod.java:50) ~[junit-4.12.jar:4.12]
	at org.junit.internal.runners.model.ReflectiveCallable.run(ReflectiveCallable.java:12) ~[junit-4.12.jar:4.12]
	at org.junit.runners.model.FrameworkMethod.invokeExplosively(FrameworkMethod.java:47) ~[junit-4.12.jar:4.12]
	at org.junit.internal.runners.statements.InvokeMethod.evaluate(InvokeMethod.java:17) ~[junit-4.12.jar:4.12]
	at org.junit.rules.TestWatcher$1.evaluate(TestWatcher.java:55) [junit-4.12.jar:4.12]
	at org.junit.rules.RunRules.evaluate(RunRules.java:20) [junit-4.12.jar:4.12]
	at org.junit.runners.ParentRunner.runLeaf(ParentRunner.java:325) [junit-4.12.jar:4.12]
	at org.junit.runners.BlockJUnit4ClassRunner.runChild(BlockJUnit4ClassRunner.java:78) [junit-4.12.jar:4.12]
	at org.junit.runners.BlockJUnit4ClassRunner.runChild(BlockJUnit4ClassRunner.java:57) [junit-4.12.jar:4.12]
	at org.junit.runners.ParentRunner$3.run(ParentRunner.java:290) [junit-4.12.jar:4.12]
	at org.junit.runners.ParentRunner$1.schedule(ParentRunner.java:71) [junit-4.12.jar:4.12]
	at org.junit.runners.ParentRunner.runChildren(ParentRunner.java:288) [junit-4.12.jar:4.12]
	at org.junit.runners.ParentRunner.access$000(ParentRunner.java:58) [junit-4.12.jar:4.12]
	at org.junit.runners.ParentRunner$2.evaluate(ParentRunner.java:268) [junit-4.12.jar:4.12]
	at org.junit.runners.ParentRunner.run(ParentRunner.java:363) [junit-4.12.jar:4.12]
	at org.junit.runner.JUnitCore.run(JUnitCore.java:137) [junit-4.12.jar:4.12]
	at com.intellij.junit4.JUnit4IdeaTestRunner.startRunnerWithArgs(JUnit4IdeaTestRunner.java:117) [junit-rt.jar:?]
	at com.intellij.junit4.JUnit4IdeaTestRunner.startRunnerWithArgs(JUnit4IdeaTestRunner.java:42) [junit-rt.jar:?]
	at com.intellij.rt.execution.junit.JUnitStarter.prepareStreamsAndStart(JUnitStarter.java:262) [junit-rt.jar:?]
	at com.intellij.rt.execution.junit.JUnitStarter.main(JUnitStarter.java:84) [junit-rt.jar:?]
	at sun.reflect.NativeMethodAccessorImpl.invoke0(Native Method) ~[?:1.8.0_102]
	at sun.reflect.NativeMethodAccessorImpl.invoke(NativeMethodAccessorImpl.java:62) ~[?:1.8.0_102]
	at sun.reflect.DelegatingMethodAccessorImpl.invoke(DelegatingMethodAccessorImpl.java:43) ~[?:1.8.0_102]
	at java.lang.reflect.Method.invoke(Method.java:498) ~[?:1.8.0_102]
	at com.intellij.rt.execution.application.AppMain.main(AppMain.java:147) [idea_rt.jar:?]
2016-10-12 10:59:23,624 DEBUG WeeblyTest [main] Found element by Xpath = //*[@id='sign-up-button']
2016-10-12 10:59:23,761 DEBUG WeeblyTest [main] Found element by Xpath = //*[@id='overlay-signup-form-name']
2016-10-12 10:59:23,893 DEBUG WeeblyTest [main] Found element by Xpath = //*[@id='overlay-signup-form-email']
2016-10-12 10:59:24,015 DEBUG WeeblyTest [main] Found element by Xpath = //*[@id='overlay-signup-form-pass']
2016-10-12 10:59:24,183 DEBUG WeeblyTest [main] Found element by Xpath = //*[contains(@class, 'signup-form__submit signup-btn submit-btn')]
2016-10-12 10:59:29,580 DEBUG WeeblyTest [main] Found element by Xpath = //*[@id='choose-theme-heading']
2016-10-12 10:59:29,587 DEBUG WeeblyTest [main] New account created.
2016-10-12 10:59:29,616 DEBUG WeeblyTest [main] Found element by Xpath = //*[@id='w-theme-list']/li[1]/div/div[1]
2016-10-12 10:59:29,662 DEBUG WeeblyTest [main] Found element by Xpath = //*[@id="w-theme-list"]/li[1]/div/div[2]/div/div[2]/a
2016-10-12 10:59:36,347 DEBUG WeeblyTest [main] Found element by Xpath = //*[@id='chooseDomain']
2016-10-12 10:59:36,355 DEBUG WeeblyTest [main] Theme selected.
2016-10-12 10:59:36,401 DEBUG WeeblyTest [main] Found element by Xpath = //*[@id='weeblyDomain']
2016-10-12 10:59:36,499 DEBUG WeeblyTest [main] Found element by Xpath = //*[@id='chooseDomainDiv']/div[2]/a/span
2016-10-12 10:59:36,759 INFO WeeblyTest [main] testSignUp(SignUpTest)
2016-10-12 11:02:49,791 DEBUG WeeblyTest [main] Found element by Xpath = //*[@id='sign-up-button']
2016-10-12 11:02:50,448 DEBUG WeeblyTest [main] Found element by Xpath = //*[@id='overlay-signup-form-name']
2016-10-12 11:02:50,547 DEBUG WeeblyTest [main] Found element by Xpath = //*[@id='overlay-signup-form-email']
2016-10-12 11:02:50,658 DEBUG WeeblyTest [main] Found element by Xpath = //*[@id='overlay-signup-form-pass']
2016-10-12 11:02:50,785 DEBUG WeeblyTest [main] Found element by Xpath = //*[contains(@class, 'signup-form__submit signup-btn submit-btn')]
2016-10-12 11:02:54,851 DEBUG WeeblyTest [main] Found element by Xpath = //*[@id='choose-theme-heading']
2016-10-12 11:02:54,857 DEBUG WeeblyTest [main] New account created.
2016-10-12 11:02:54,884 DEBUG WeeblyTest [main] Found element by Xpath = //*[@id='w-theme-list']/li[1]/div/div[1]
2016-10-12 11:02:54,933 DEBUG WeeblyTest [main] Found element by Xpath = //*[@id="w-theme-list"]/li[1]/div/div[2]/div/div[2]/a
2016-10-12 11:03:04,980 DEBUG WeeblyTest [main] Found element by Xpath = //*[@id='chooseDomain']
2016-10-12 11:03:04,994 DEBUG WeeblyTest [main] Theme selected.
2016-10-12 11:03:05,031 DEBUG WeeblyTest [main] Found element by Xpath = //*[@id='domainSubdomain']/div[1]/input
2016-10-12 11:03:05,337 DEBUG WeeblyTest [main] Found element by Xpath = //*[@id='weeblyDomain']
2016-10-12 11:03:05,472 DEBUG WeeblyTest [main] Found element by Xpath = //*[@id='chooseDomainDiv']/div[2]/a/span
2016-10-12 11:03:05,537 INFO WeeblyTest [main] testSignUp(SignUpTest)
2016-10-12 11:04:12,573 DEBUG WeeblyTest [main] Found element by Xpath = //*[@id='sign-up-button']
2016-10-12 11:04:12,719 DEBUG WeeblyTest [main] Found element by Xpath = //*[@id='overlay-signup-form-name']
2016-10-12 11:04:12,835 DEBUG WeeblyTest [main] Found element by Xpath = //*[@id='overlay-signup-form-email']
2016-10-12 11:04:12,962 DEBUG WeeblyTest [main] Found element by Xpath = //*[@id='overlay-signup-form-pass']
2016-10-12 11:04:13,102 DEBUG WeeblyTest [main] Found element by Xpath = //*[contains(@class, 'signup-form__submit signup-btn submit-btn')]
2016-10-12 11:04:17,119 DEBUG WeeblyTest [main] Found element by Xpath = //*[@id='choose-theme-heading']
2016-10-12 11:04:17,126 DEBUG WeeblyTest [main] New account created.
2016-10-12 11:04:17,161 DEBUG WeeblyTest [main] Found element by Xpath = //*[@id='w-theme-list']/li[1]/div/div[1]
2016-10-12 11:04:17,736 DEBUG WeeblyTest [main] Found element by Xpath = //*[@id="w-theme-list"]/li[1]/div/div[2]/div/div[2]/a
2016-10-12 11:04:27,918 DEBUG WeeblyTest [main] Found element by Xpath = //*[@id='chooseDomain']
2016-10-12 11:04:27,927 DEBUG WeeblyTest [main] Theme selected.
2016-10-12 11:04:27,955 DEBUG WeeblyTest [main] Found element by Xpath = //*[@id='domainSubdomain']/div[1]/input
2016-10-12 11:04:28,314 DEBUG WeeblyTest [main] Found element by Xpath = //*[@id='weeblyDomain']
2016-10-12 11:04:28,572 DEBUG WeeblyTest [main] Found element by Xpath = //*[@id='chooseDomainDiv']/div[2]/a/span
2016-10-12 11:04:28,643 INFO WeeblyTest [main] testSignUp(SignUpTest)
2016-10-12 11:05:18,619 DEBUG WeeblyTest [main] Found element by Xpath = //*[@id='sign-up-button']
2016-10-12 11:05:19,281 DEBUG WeeblyTest [main] Found element by Xpath = //*[@id='overlay-signup-form-name']
2016-10-12 11:05:19,381 DEBUG WeeblyTest [main] Found element by Xpath = //*[@id='overlay-signup-form-email']
2016-10-12 11:05:19,480 DEBUG WeeblyTest [main] Found element by Xpath = //*[@id='overlay-signup-form-pass']
2016-10-12 11:05:19,616 DEBUG WeeblyTest [main] Found element by Xpath = //*[contains(@class, 'signup-form__submit signup-btn submit-btn')]
2016-10-12 11:05:24,428 DEBUG WeeblyTest [main] Found element by Xpath = //*[@id='choose-theme-heading']
2016-10-12 11:05:24,434 DEBUG WeeblyTest [main] New account created.
2016-10-12 11:05:24,464 DEBUG WeeblyTest [main] Found element by Xpath = //*[@id='w-theme-list']/li[1]/div/div[1]
2016-10-12 11:05:25,042 DEBUG WeeblyTest [main] Found element by Xpath = //*[@id="w-theme-list"]/li[1]/div/div[2]/div/div[2]/a
2016-10-12 11:05:35,852 DEBUG WeeblyTest [main] Found element by Xpath = //*[@id='chooseDomain']
2016-10-12 11:05:35,873 DEBUG WeeblyTest [main] Theme selected.
2016-10-12 11:06:07,079 DEBUG WeeblyTest [main] Found element by Xpath = //*[@id='domainSubdomain']/div[1]/input
2016-10-12 11:06:17,297 DEBUG WeeblyTest [main] Found element by Xpath = //*[@id='weeblyDomain']
2016-10-12 11:06:29,070 DEBUG WeeblyTest [main] Found element by Xpath = //*[@id='chooseDomainDiv']/div[2]/a/span
2016-10-12 11:15:59,164 DEBUG WeeblyTest [main] Found element by Xpath = //*[@id='sign-up-button']
2016-10-12 11:15:59,297 DEBUG WeeblyTest [main] Found element by Xpath = //*[@id='overlay-signup-form-name']
2016-10-12 11:15:59,441 DEBUG WeeblyTest [main] Found element by Xpath = //*[@id='overlay-signup-form-email']
2016-10-12 11:15:59,559 DEBUG WeeblyTest [main] Found element by Xpath = //*[@id='overlay-signup-form-pass']
2016-10-12 11:15:59,680 DEBUG WeeblyTest [main] Found element by Xpath = //*[contains(@class, 'signup-form__submit signup-btn submit-btn')]
2016-10-12 11:16:04,104 DEBUG WeeblyTest [main] Found element by Xpath = //*[@id='choose-theme-heading']
2016-10-12 11:16:04,113 DEBUG WeeblyTest [main] New account created.
2016-10-12 11:16:04,140 DEBUG WeeblyTest [main] Found element by Xpath = //*[@id='w-theme-list']/li[1]/div/div[1]
2016-10-12 11:16:04,193 DEBUG WeeblyTest [main] Found element by Xpath = //*[@id="w-theme-list"]/li[1]/div/div[2]/div/div[2]/a
2016-10-12 11:16:17,017 DEBUG WeeblyTest [main] Found element by Xpath = //*[@id='chooseDomain']
2016-10-12 11:16:17,027 DEBUG WeeblyTest [main] Theme selected.
2016-10-12 11:16:17,057 DEBUG WeeblyTest [main] Found element by Xpath = //*[@id='domainSubdomain']/div[1]/input
2016-10-12 11:16:17,542 DEBUG WeeblyTest [main] Found element by Xpath = //*[@id='weeblyDomain']
2016-10-12 11:16:22,992 ERROR WeeblyTest [main] testSignUp(SignUpTest)
org.openqa.selenium.TimeoutException: Expected condition failed: waiting for text ('Available') to be the value of element located by By.xpath: //*[@id='domainSubdomain-2']/div[5]/div (tried for 5 second(s) with 500 MILLISECONDS interval)
Build info: version: '3.0.0-beta4', revision: '3169782', time: '2016-09-29 10:30:04 -0700'
System info: host: 'alexanderbelltowne-weebly-mbp.local', ip: '10.123.142.1', os.name: 'Mac OS X', os.arch: 'x86_64', os.version: '10.11.6', java.version: '1.8.0_102'
Driver info: org.openqa.selenium.chrome.ChromeDriver
Capabilities [{applicationCacheEnabled=false, rotatable=false, mobileEmulationEnabled=false, networkConnectionEnabled=false, chrome={chromedriverVersion=2.24.417412 (ac882d3ce7c0d99292439bf3405780058fcca0a6), userDataDir=/var/folders/41/lcfk4ltd1blbgs9g6g5blwz00000gp/T/.org.chromium.Chromium.RKsCLA}, takesHeapSnapshot=true, pageLoadStrategy=normal, databaseEnabled=false, handlesAlerts=true, hasTouchScreen=false, version=53.0.2785.143, platform=MAC, browserConnectionEnabled=false, nativeEvents=true, acceptSslCerts=true, locationContextEnabled=true, webStorageEnabled=true, browserName=chrome, takesScreenshot=true, javascriptEnabled=true, cssSelectorsEnabled=true}]
Session ID: ff22cf763c2e69f9f477cb74be881396
	at org.openqa.selenium.support.ui.WebDriverWait.timeoutException(WebDriverWait.java:80) ~[selenium-support-3.0.0-beta4.jar:?]
	at org.openqa.selenium.support.ui.FluentWait.until(FluentWait.java:265) ~[selenium-support-3.0.0-beta4.jar:?]
	at SignUpTest.testSignUp(SignUpTest.java:74) ~[test-classes/:?]
	at sun.reflect.NativeMethodAccessorImpl.invoke0(Native Method) ~[?:1.8.0_102]
	at sun.reflect.NativeMethodAccessorImpl.invoke(NativeMethodAccessorImpl.java:62) ~[?:1.8.0_102]
	at sun.reflect.DelegatingMethodAccessorImpl.invoke(DelegatingMethodAccessorImpl.java:43) ~[?:1.8.0_102]
	at java.lang.reflect.Method.invoke(Method.java:498) ~[?:1.8.0_102]
	at org.junit.runners.model.FrameworkMethod$1.runReflectiveCall(FrameworkMethod.java:50) ~[junit-4.12.jar:4.12]
	at org.junit.internal.runners.model.ReflectiveCallable.run(ReflectiveCallable.java:12) ~[junit-4.12.jar:4.12]
	at org.junit.runners.model.FrameworkMethod.invokeExplosively(FrameworkMethod.java:47) ~[junit-4.12.jar:4.12]
	at org.junit.internal.runners.statements.InvokeMethod.evaluate(InvokeMethod.java:17) ~[junit-4.12.jar:4.12]
	at org.junit.rules.TestWatcher$1.evaluate(TestWatcher.java:55) [junit-4.12.jar:4.12]
	at org.junit.rules.RunRules.evaluate(RunRules.java:20) [junit-4.12.jar:4.12]
	at org.junit.runners.ParentRunner.runLeaf(ParentRunner.java:325) [junit-4.12.jar:4.12]
	at org.junit.runners.BlockJUnit4ClassRunner.runChild(BlockJUnit4ClassRunner.java:78) [junit-4.12.jar:4.12]
	at org.junit.runners.BlockJUnit4ClassRunner.runChild(BlockJUnit4ClassRunner.java:57) [junit-4.12.jar:4.12]
	at org.junit.runners.ParentRunner$3.run(ParentRunner.java:290) [junit-4.12.jar:4.12]
	at org.junit.runners.ParentRunner$1.schedule(ParentRunner.java:71) [junit-4.12.jar:4.12]
	at org.junit.runners.ParentRunner.runChildren(ParentRunner.java:288) [junit-4.12.jar:4.12]
	at org.junit.runners.ParentRunner.access$000(ParentRunner.java:58) [junit-4.12.jar:4.12]
	at org.junit.runners.ParentRunner$2.evaluate(ParentRunner.java:268) [junit-4.12.jar:4.12]
	at org.junit.runners.ParentRunner.run(ParentRunner.java:363) [junit-4.12.jar:4.12]
	at org.junit.runner.JUnitCore.run(JUnitCore.java:137) [junit-4.12.jar:4.12]
	at com.intellij.junit4.JUnit4IdeaTestRunner.startRunnerWithArgs(JUnit4IdeaTestRunner.java:117) [junit-rt.jar:?]
	at com.intellij.junit4.JUnit4IdeaTestRunner.startRunnerWithArgs(JUnit4IdeaTestRunner.java:42) [junit-rt.jar:?]
	at com.intellij.rt.execution.junit.JUnitStarter.prepareStreamsAndStart(JUnitStarter.java:262) [junit-rt.jar:?]
	at com.intellij.rt.execution.junit.JUnitStarter.main(JUnitStarter.java:84) [junit-rt.jar:?]
	at sun.reflect.NativeMethodAccessorImpl.invoke0(Native Method) ~[?:1.8.0_102]
	at sun.reflect.NativeMethodAccessorImpl.invoke(NativeMethodAccessorImpl.java:62) ~[?:1.8.0_102]
	at sun.reflect.DelegatingMethodAccessorImpl.invoke(DelegatingMethodAccessorImpl.java:43) ~[?:1.8.0_102]
	at java.lang.reflect.Method.invoke(Method.java:498) ~[?:1.8.0_102]
	at com.intellij.rt.execution.application.AppMain.main(AppMain.java:147) [idea_rt.jar:?]
2016-10-12 11:18:57,564 DEBUG WeeblyTest [main] Found element by Xpath = //*[@id='sign-up-button']
2016-10-12 11:18:58,220 DEBUG WeeblyTest [main] Found element by Xpath = //*[@id='overlay-signup-form-name']
2016-10-12 11:18:58,324 DEBUG WeeblyTest [main] Found element by Xpath = //*[@id='overlay-signup-form-email']
2016-10-12 11:18:58,428 DEBUG WeeblyTest [main] Found element by Xpath = //*[@id='overlay-signup-form-pass']
2016-10-12 11:18:58,565 DEBUG WeeblyTest [main] Found element by Xpath = //*[contains(@class, 'signup-form__submit signup-btn submit-btn')]
2016-10-12 11:19:03,817 DEBUG WeeblyTest [main] Found element by Xpath = //*[@id='choose-theme-heading']
2016-10-12 11:19:03,825 DEBUG WeeblyTest [main] New account created.
2016-10-12 11:19:03,855 DEBUG WeeblyTest [main] Found element by Xpath = //*[@id='w-theme-list']/li[1]/div/div[1]
2016-10-12 11:19:04,422 DEBUG WeeblyTest [main] Found element by Xpath = //*[@id="w-theme-list"]/li[1]/div/div[2]/div/div[2]/a
2016-10-12 11:19:14,541 DEBUG WeeblyTest [main] Found element by Xpath = //*[@id='chooseDomain']
2016-10-12 11:19:14,551 DEBUG WeeblyTest [main] Theme selected.
2016-10-12 11:19:14,822 DEBUG WeeblyTest [main] Found element by Xpath = //*[@id='domainSubdomain']/div[1]/input
2016-10-12 11:19:14,992 DEBUG WeeblyTest [main] Found element by Xpath = //*[@id='weeblyDomain']
2016-10-12 11:19:16,352 DEBUG WeeblyTest [main] Found element by Xpath = //*[@id='chooseDomainDiv']/div[2]/a/span
2016-10-12 11:19:16,397 INFO WeeblyTest [main] testSignUp(SignUpTest)
2016-10-12 11:19:46,663 INFO WeeblyTest [main] testSignUp(SignUpTest)
